0 verbose cli /data/data/com.termux/files/usr/bin/node /data/data/com.termux/files/usr/bin/npm
1 info using npm@10.9.2
2 info using node@v22.14.0
3 silly config load:file:/data/data/com.termux/files/usr/lib/node_modules/npm/npmrc
4 silly config load:file:/data/data/com.termux/files/home/.npmrc
5 silly config load:file:/data/data/com.termux/files/usr/etc/npmrc
6 verbose title npm init
7 verbose argv "init" "--yes"
8 verbose logfile logs-max:10 dir:/data/data/com.termux/files/home/.npm/_logs/2025-03-30T00_02_46_405Z-
9 verbose logfile /data/data/com.termux/files/home/.npm/_logs/2025-03-30T00_02_46_405Z-debug-0.log
10 silly logfile done cleaning log files
11 silly package data {
11 silly package data   dependencies: { mineflayer: '^4.27.0' },
11 silly package data   name: 'home',
11 silly package data   version: '1.0.0',
11 silly package data   main: 'bot.js',
11 silly package data   devDependencies: {},
11 silly package data   scripts: { test: 'echo "Error: no test specified" && exit 1' },
11 silly package data   repository: {
11 silly package data     type: 'git',
11 silly package data     url: 'git+https://github.com/Montasert/Minecraft-bot-AFK.git'
11 silly package data   },
11 silly package data   keywords: [],
11 silly package data   author: '',
11 silly package data   license: 'ISC',
11 silly package data   bugs: { url: 'https://github.com/Montasert/Minecraft-bot-AFK/issues' },
11 silly package data   homepage: 'https://github.com/Montasert/Minecraft-bot-AFK#readme',
11 silly package data   description: '',
11 silly package data   [Symbol(newline)]: '\n',
11 silly package data   [Symbol(indent)]: '  '
11 silly package data }
12 verbose cwd /data/data/com.termux/files/home
13 verbose os Linux 4.19.191-g7c18269e227a
14 verbose node v22.14.0
15 verbose npm  v10.9.2
16 verbose exit 0
17 info ok
