0 verbose cli /data/data/com.termux/files/usr/bin/node /data/data/com.termux/files/usr/bin/npm
1 info using npm@10.9.2
2 info using node@v22.14.0
3 silly config load:file:/data/data/com.termux/files/usr/lib/node_modules/npm/npmrc
4 silly config load:file:/data/data/com.termux/files/home/.npmrc
5 silly config load:file:/data/data/com.termux/files/usr/etc/npmrc
6 verbose title npm install mineflayer
7 verbose argv "install" "mineflayer"
8 verbose logfile logs-max:10 dir:/data/data/com.termux/files/home/.npm/_logs/2025-03-29T23_58_35_657Z-
9 verbose logfile /data/data/com.termux/files/home/.npm/_logs/2025-03-29T23_58_35_657Z-debug-0.log
10 silly logfile done cleaning log files
11 silly packumentCache heap:1000341504 maxSize:250085376 maxEntrySize:125042688
12 silly idealTree buildDeps
13 silly fetch manifest mineflayer@*
14 silly packumentCache full:https://registry.npmjs.org/mineflayer cache-miss
15 http fetch GET 200 https://registry.npmjs.org/mineflayer 4359ms (cache updated)
16 silly packumentCache full:https://registry.npmjs.org/mineflayer set size:undefined disposed:false
17 silly placeDep ROOT mineflayer@4.27.0 OK for:  want: *
18 silly fetch manifest minecraft-data@^3.76.0
19 silly packumentCache full:https://registry.npmjs.org/minecraft-data cache-miss
20 silly fetch manifest minecraft-protocol@^1.51.0
21 silly packumentCache full:https://registry.npmjs.org/minecraft-protocol cache-miss
22 silly fetch manifest prismarine-biome@^1.1.1
23 silly packumentCache full:https://registry.npmjs.org/prismarine-biome cache-miss
24 silly fetch manifest prismarine-block@^1.17.0
25 silly packumentCache full:https://registry.npmjs.org/prismarine-block cache-miss
26 silly fetch manifest prismarine-chat@^1.7.1
27 silly packumentCache full:https://registry.npmjs.org/prismarine-chat cache-miss
28 silly fetch manifest prismarine-chunk@^1.36.0
29 silly packumentCache full:https://registry.npmjs.org/prismarine-chunk cache-miss
30 silly fetch manifest prismarine-entity@^2.5.0
31 silly packumentCache full:https://registry.npmjs.org/prismarine-entity cache-miss
32 http fetch GET 200 https://registry.npmjs.org/minecraft-protocol 2583ms (cache updated)
33 silly packumentCache full:https://registry.npmjs.org/minecraft-protocol set size:undefined disposed:false
34 silly fetch manifest prismarine-item@^1.15.0
35 silly packumentCache full:https://registry.npmjs.org/prismarine-item cache-miss
36 http fetch GET 200 https://registry.npmjs.org/prismarine-biome 7809ms (cache updated)
37 silly packumentCache full:https://registry.npmjs.org/prismarine-biome set size:undefined disposed:false
38 silly fetch manifest prismarine-nbt@^2.0.0
39 silly packumentCache full:https://registry.npmjs.org/prismarine-nbt cache-miss
40 http fetch GET 200 https://registry.npmjs.org/prismarine-entity 8075ms (cache updated)
41 silly packumentCache full:https://registry.npmjs.org/prismarine-entity set size:undefined disposed:false
42 silly fetch manifest prismarine-physics@^1.9.0
43 silly packumentCache full:https://registry.npmjs.org/prismarine-physics cache-miss
44 http fetch GET 200 https://registry.npmjs.org/prismarine-item 5512ms (cache updated)
45 silly packumentCache full:https://registry.npmjs.org/prismarine-item set size:undefined disposed:false
46 silly fetch manifest prismarine-recipe@^1.3.0
47 silly packumentCache full:https://registry.npmjs.org/prismarine-recipe cache-miss
48 http fetch GET 200 https://registry.npmjs.org/prismarine-chat 8144ms (cache updated)
49 silly packumentCache full:https://registry.npmjs.org/prismarine-chat set size:undefined disposed:false
50 silly fetch manifest prismarine-registry@^1.10.0
51 silly packumentCache full:https://registry.npmjs.org/prismarine-registry cache-miss
52 http fetch GET 200 https://registry.npmjs.org/prismarine-block 8162ms (cache updated)
53 silly packumentCache full:https://registry.npmjs.org/prismarine-block set size:undefined disposed:false
54 silly fetch manifest prismarine-windows@^2.9.0
55 silly packumentCache full:https://registry.npmjs.org/prismarine-windows cache-miss
56 http fetch GET 200 https://registry.npmjs.org/prismarine-chunk 8192ms (cache updated)
57 silly packumentCache full:https://registry.npmjs.org/prismarine-chunk set size:undefined disposed:false
58 silly fetch manifest prismarine-world@^3.6.0
59 silly packumentCache full:https://registry.npmjs.org/prismarine-world cache-miss
60 http fetch GET 200 https://registry.npmjs.org/minecraft-data 8500ms (cache updated)
61 silly packumentCache full:https://registry.npmjs.org/minecraft-data set size:undefined disposed:false
62 silly fetch manifest protodef@^1.18.0
63 silly packumentCache full:https://registry.npmjs.org/protodef cache-miss
64 http fetch GET 200 https://registry.npmjs.org/prismarine-nbt 1650ms (cache updated)
65 silly packumentCache full:https://registry.npmjs.org/prismarine-nbt set size:undefined disposed:false
66 silly fetch manifest typed-emitter@^1.0.0
67 silly packumentCache full:https://registry.npmjs.org/typed-emitter cache-miss
68 http fetch GET 200 https://registry.npmjs.org/prismarine-recipe 1353ms (cache updated)
69 silly packumentCache full:https://registry.npmjs.org/prismarine-recipe set size:undefined disposed:false
70 silly fetch manifest vec3@^0.1.7
71 silly packumentCache full:https://registry.npmjs.org/vec3 cache-miss
72 http fetch GET 200 https://registry.npmjs.org/prismarine-registry 1535ms (cache updated)
73 silly packumentCache full:https://registry.npmjs.org/prismarine-registry set size:undefined disposed:false
74 http fetch GET 200 https://registry.npmjs.org/prismarine-physics 1992ms (cache updated)
75 silly packumentCache full:https://registry.npmjs.org/prismarine-physics set size:undefined disposed:false
76 http fetch GET 200 https://registry.npmjs.org/prismarine-windows 2387ms (cache updated)
77 silly packumentCache full:https://registry.npmjs.org/prismarine-windows set size:undefined disposed:false
78 http fetch GET 200 https://registry.npmjs.org/prismarine-world 2680ms (cache updated)
79 silly packumentCache full:https://registry.npmjs.org/prismarine-world set size:undefined disposed:false
80 http fetch GET 200 https://registry.npmjs.org/protodef 2980ms (cache updated)
81 silly packumentCache full:https://registry.npmjs.org/protodef set size:undefined disposed:false
82 http fetch GET 200 https://registry.npmjs.org/typed-emitter 2402ms (cache updated)
83 silly packumentCache full:https://registry.npmjs.org/typed-emitter set size:undefined disposed:false
84 http fetch GET 200 https://registry.npmjs.org/vec3 2574ms (cache updated)
85 silly packumentCache full:https://registry.npmjs.org/vec3 set size:undefined disposed:false
86 silly placeDep ROOT minecraft-data@3.85.0 OK for: mineflayer@4.27.0 want: ^3.76.0
87 silly placeDep ROOT minecraft-protocol@1.55.0 OK for: mineflayer@4.27.0 want: ^1.51.0
88 silly placeDep ROOT prismarine-biome@1.3.0 OK for: mineflayer@4.27.0 want: ^1.1.1
89 silly placeDep ROOT prismarine-registry@1.11.0 OK for: prismarine-biome@1.3.0 want: ^1.1.0
90 silly placeDep ROOT prismarine-block@1.21.0 OK for: mineflayer@4.27.0 want: ^1.17.0
91 silly placeDep ROOT prismarine-chat@1.11.0 OK for: mineflayer@4.27.0 want: ^1.7.1
92 silly placeDep ROOT prismarine-chunk@1.38.1 OK for: mineflayer@4.27.0 want: ^1.36.0
93 silly placeDep ROOT prismarine-entity@2.5.0 OK for: mineflayer@4.27.0 want: ^2.5.0
94 silly placeDep ROOT prismarine-item@1.16.0 OK for: mineflayer@4.27.0 want: ^1.15.0
95 silly placeDep ROOT prismarine-nbt@2.7.0 OK for: mineflayer@4.27.0 want: ^2.0.0
96 silly placeDep ROOT prismarine-physics@1.10.0 OK for: mineflayer@4.27.0 want: ^1.9.0
97 silly placeDep ROOT prismarine-recipe@1.3.1 OK for: mineflayer@4.27.0 want: ^1.3.0
98 silly placeDep ROOT prismarine-windows@2.9.0 OK for: mineflayer@4.27.0 want: ^2.9.0
99 silly placeDep ROOT prismarine-world@3.6.3 OK for: mineflayer@4.27.0 want: ^3.6.0
100 silly placeDep ROOT protodef@1.18.0 OK for: mineflayer@4.27.0 want: ^1.18.0
101 silly placeDep ROOT typed-emitter@1.4.0 OK for: mineflayer@4.27.0 want: ^1.0.0
102 silly placeDep ROOT vec3@0.1.10 OK for: mineflayer@4.27.0 want: ^0.1.7
103 silly fetch manifest @types/node-rsa@^1.1.4
104 silly packumentCache full:https://registry.npmjs.org/@types%2fnode-rsa cache-miss
105 silly fetch manifest @types/readable-stream@^4.0.0
106 silly packumentCache full:https://registry.npmjs.org/@types%2freadable-stream cache-miss
107 silly fetch manifest aes-js@^3.1.2
108 silly packumentCache full:https://registry.npmjs.org/aes-js cache-miss
109 silly fetch manifest buffer-equal@^1.0.0
110 silly packumentCache full:https://registry.npmjs.org/buffer-equal cache-miss
111 silly fetch manifest debug@^4.3.2
112 silly packumentCache full:https://registry.npmjs.org/debug cache-miss
113 silly fetch manifest endian-toggle@^0.0.0
114 silly packumentCache full:https://registry.npmjs.org/endian-toggle cache-miss
115 silly fetch manifest lodash.get@^4.1.2
116 silly packumentCache full:https://registry.npmjs.org/lodash.get cache-miss
117 http fetch GET 200 https://registry.npmjs.org/buffer-equal 162ms (cache updated)
118 silly packumentCache full:https://registry.npmjs.org/buffer-equal set size:undefined disposed:false
119 silly fetch manifest lodash.merge@^4.3.0
120 silly packumentCache full:https://registry.npmjs.org/lodash.merge cache-miss
121 http fetch GET 200 https://registry.npmjs.org/@types%2freadable-stream 519ms (cache updated)
122 silly packumentCache full:https://registry.npmjs.org/@types%2freadable-stream set size:undefined disposed:false
123 silly fetch manifest minecraft-folder-path@^1.2.0
124 silly packumentCache full:https://registry.npmjs.org/minecraft-folder-path cache-miss
125 http fetch GET 200 https://registry.npmjs.org/lodash.get 629ms (cache updated)
126 silly packumentCache full:https://registry.npmjs.org/lodash.get set size:undefined disposed:false
127 silly fetch manifest node-fetch@^2.6.1
128 silly packumentCache full:https://registry.npmjs.org/node-fetch cache-miss
129 http fetch GET 200 https://registry.npmjs.org/debug 1573ms (cache updated)
130 silly packumentCache full:https://registry.npmjs.org/debug set size:undefined disposed:false
131 silly fetch manifest node-rsa@^0.4.2
132 silly packumentCache full:https://registry.npmjs.org/node-rsa cache-miss
133 http fetch GET 200 https://registry.npmjs.org/aes-js 1742ms (cache updated)
134 silly packumentCache full:https://registry.npmjs.org/aes-js set size:undefined disposed:false
135 silly fetch manifest prismarine-auth@^2.2.0
136 silly packumentCache full:https://registry.npmjs.org/prismarine-auth cache-miss
137 http fetch GET 200 https://registry.npmjs.org/@types%2fnode-rsa 1862ms (cache updated)
138 silly packumentCache full:https://registry.npmjs.org/@types%2fnode-rsa set size:undefined disposed:false
139 silly fetch manifest prismarine-chat@^1.10.0
140 silly packumentCache full:https://registry.npmjs.org/prismarine-chat cache-miss
141 http cache https://registry.npmjs.org/prismarine-chat 24ms (cache hit)
142 silly packumentCache full:https://registry.npmjs.org/prismarine-chat set size:83612 disposed:false
143 silly fetch manifest prismarine-nbt@^2.5.0
144 silly packumentCache full:https://registry.npmjs.org/prismarine-nbt cache-miss
145 http fetch GET 200 https://registry.npmjs.org/endian-toggle 1896ms (cache updated)
146 silly packumentCache full:https://registry.npmjs.org/endian-toggle set size:undefined disposed:false
147 silly fetch manifest prismarine-realms@^1.2.0
148 silly packumentCache full:https://registry.npmjs.org/prismarine-realms cache-miss
149 http cache https://registry.npmjs.org/prismarine-nbt 16ms (cache hit)
150 silly packumentCache full:https://registry.npmjs.org/prismarine-nbt set size:51928 disposed:false
151 silly fetch manifest protodef@^1.17.0
152 silly packumentCache full:https://registry.npmjs.org/protodef cache-miss
153 http cache https://registry.npmjs.org/protodef 36ms (cache hit)
154 silly packumentCache full:https://registry.npmjs.org/protodef set size:128086 disposed:false
155 silly fetch manifest readable-stream@^4.1.0
156 silly packumentCache full:https://registry.npmjs.org/readable-stream cache-miss
157 http fetch GET 200 https://registry.npmjs.org/lodash.merge 1944ms (cache updated)
158 silly packumentCache full:https://registry.npmjs.org/lodash.merge set size:undefined disposed:false
159 silly fetch manifest uuid-1345@^1.0.1
160 silly packumentCache full:https://registry.npmjs.org/uuid-1345 cache-miss
161 http fetch GET 200 https://registry.npmjs.org/node-rsa 5103ms (cache updated)
162 silly packumentCache full:https://registry.npmjs.org/node-rsa set size:undefined disposed:false
163 silly fetch manifest yggdrasil@^1.4.0
164 silly packumentCache full:https://registry.npmjs.org/yggdrasil cache-miss
165 http fetch GET 200 https://registry.npmjs.org/minecraft-folder-path 6180ms (cache updated)
166 silly packumentCache full:https://registry.npmjs.org/minecraft-folder-path set size:undefined disposed:false
167 silly fetch manifest prismarine-block@^1.17.1
168 silly packumentCache full:https://registry.npmjs.org/prismarine-block cache-miss
169 http fetch GET 200 https://registry.npmjs.org/prismarine-auth 4956ms (cache updated)
170 silly packumentCache full:https://registry.npmjs.org/prismarine-auth set size:undefined disposed:false
171 silly fetch manifest prismarine-chat@^1.5.0
172 silly packumentCache full:https://registry.npmjs.org/prismarine-chat cache-hit
173 silly fetch manifest prismarine-item@^1.10.1
174 silly packumentCache full:https://registry.npmjs.org/prismarine-item cache-miss
175 http fetch GET 200 https://registry.npmjs.org/node-fetch 6098ms (cache updated)
176 silly packumentCache full:https://registry.npmjs.org/node-fetch set size:undefined disposed:false
177 silly fetch manifest mojangson@^2.0.1
178 silly packumentCache full:https://registry.npmjs.org/mojangson cache-miss
179 http fetch GET 200 https://registry.npmjs.org/readable-stream 4822ms (cache updated)
180 silly packumentCache full:https://registry.npmjs.org/readable-stream set size:undefined disposed:false
181 silly fetch manifest prismarine-nbt@^2.2.1
182 silly packumentCache full:https://registry.npmjs.org/prismarine-nbt cache-hit
183 silly fetch manifest smart-buffer@^4.1.0
184 silly packumentCache full:https://registry.npmjs.org/smart-buffer cache-miss
185 http cache https://registry.npmjs.org/prismarine-block 91ms (cache hit)
186 silly packumentCache full:https://registry.npmjs.org/prismarine-block set size:87967 disposed:false
187 silly fetch manifest uint4@^0.1.2
188 silly packumentCache full:https://registry.npmjs.org/uint4 cache-miss
189 http cache https://registry.npmjs.org/prismarine-item 169ms (cache hit)
190 silly packumentCache full:https://registry.npmjs.org/prismarine-item set size:80038 disposed:false
191 silly fetch manifest vec3@^0.1.3
192 silly packumentCache full:https://registry.npmjs.org/vec3 cache-miss
193 http fetch GET 200 https://registry.npmjs.org/prismarine-realms 5025ms (cache updated)
194 silly packumentCache full:https://registry.npmjs.org/prismarine-realms set size:undefined disposed:false
195 silly fetch manifest xxhash-wasm@^0.4.2
196 silly packumentCache full:https://registry.npmjs.org/xxhash-wasm cache-miss
197 http cache https://registry.npmjs.org/vec3 46ms (cache hit)
198 silly packumentCache full:https://registry.npmjs.org/vec3 set size:38570 disposed:false
199 silly fetch manifest prismarine-item@^1.11.2
200 silly packumentCache full:https://registry.npmjs.org/prismarine-item cache-hit
201 silly fetch manifest vec3@^0.1.4
202 silly packumentCache full:https://registry.npmjs.org/vec3 cache-hit
203 silly fetch manifest typed-emitter@^2.1.0
204 silly packumentCache full:https://registry.npmjs.org/typed-emitter cache-miss
205 http cache https://registry.npmjs.org/typed-emitter 21ms (cache hit)
206 silly packumentCache full:https://registry.npmjs.org/typed-emitter set size:35233 disposed:false
207 silly fetch manifest lodash.get@^4.4.2
208 silly packumentCache full:https://registry.npmjs.org/lodash.get cache-miss
209 http cache https://registry.npmjs.org/lodash.get 23ms (cache hit)
210 silly packumentCache full:https://registry.npmjs.org/lodash.get set size:26999 disposed:false
211 silly fetch manifest lodash.reduce@^4.6.0
212 silly packumentCache full:https://registry.npmjs.org/lodash.reduce cache-miss
213 http fetch GET 200 https://registry.npmjs.org/uuid-1345 4916ms (cache updated)
214 silly packumentCache full:https://registry.npmjs.org/uuid-1345 set size:undefined disposed:false
215 silly fetch manifest protodef-validator@^1.3.0
216 silly packumentCache full:https://registry.npmjs.org/protodef-validator cache-miss
217 http fetch GET 200 https://registry.npmjs.org/xxhash-wasm 713ms (cache updated)
218 silly packumentCache full:https://registry.npmjs.org/xxhash-wasm set size:undefined disposed:false
219 silly fetch manifest readable-stream@^4.4.0
220 silly packumentCache full:https://registry.npmjs.org/readable-stream cache-miss
221 http cache https://registry.npmjs.org/readable-stream 30ms (cache hit)
222 silly packumentCache full:https://registry.npmjs.org/readable-stream set size:261096 disposed:false
223 http fetch GET 200 https://registry.npmjs.org/smart-buffer 1229ms (cache updated)
224 silly packumentCache full:https://registry.npmjs.org/smart-buffer set size:undefined disposed:false
225 http fetch GET 200 https://registry.npmjs.org/lodash.reduce 1171ms (cache updated)
226 silly packumentCache full:https://registry.npmjs.org/lodash.reduce set size:undefined disposed:false
227 http fetch GET 200 https://registry.npmjs.org/mojangson 2083ms (cache updated)
228 silly packumentCache full:https://registry.npmjs.org/mojangson set size:undefined disposed:false
229 http fetch GET 200 https://registry.npmjs.org/uint4 2103ms (cache updated)
230 silly packumentCache full:https://registry.npmjs.org/uint4 set size:undefined disposed:false
231 http fetch GET 200 https://registry.npmjs.org/yggdrasil 2489ms (cache updated)
232 silly packumentCache full:https://registry.npmjs.org/yggdrasil set size:undefined disposed:false
233 http fetch GET 200 https://registry.npmjs.org/protodef-validator 2591ms (cache updated)
234 silly packumentCache full:https://registry.npmjs.org/protodef-validator set size:undefined disposed:false
235 silly fetch manifest encoding@^0.1.0
236 silly packumentCache full:https://registry.npmjs.org/encoding cache-miss
237 http fetch GET 200 https://registry.npmjs.org/encoding 965ms (cache updated)
238 silly packumentCache full:https://registry.npmjs.org/encoding set size:undefined disposed:false
239 silly placeDep ROOT @types/node-rsa@1.1.4 OK for: minecraft-protocol@1.55.0 want: ^1.1.4
240 silly placeDep ROOT @types/readable-stream@4.0.18 OK for: minecraft-protocol@1.55.0 want: ^4.0.0
241 silly placeDep ROOT aes-js@3.1.2 OK for: minecraft-protocol@1.55.0 want: ^3.1.2
242 silly placeDep ROOT buffer-equal@1.0.1 OK for: minecraft-protocol@1.55.0 want: ^1.0.0
243 silly placeDep ROOT debug@4.4.0 OK for: minecraft-protocol@1.55.0 want: ^4.3.2
244 silly placeDep ROOT endian-toggle@0.0.0 OK for: minecraft-protocol@1.55.0 want: ^0.0.0
245 silly placeDep ROOT lodash.get@4.4.2 OK for: minecraft-protocol@1.55.0 want: ^4.1.2
246 silly placeDep ROOT lodash.merge@4.6.2 OK for: minecraft-protocol@1.55.0 want: ^4.3.0
247 silly placeDep ROOT minecraft-folder-path@1.2.0 OK for: minecraft-protocol@1.55.0 want: ^1.2.0
248 silly placeDep ROOT node-fetch@2.7.0 OK for: minecraft-protocol@1.55.0 want: ^2.6.1
249 silly placeDep ROOT node-rsa@0.4.2 OK for: minecraft-protocol@1.55.0 want: ^0.4.2
250 silly placeDep ROOT prismarine-auth@2.7.0 OK for: minecraft-protocol@1.55.0 want: ^2.2.0
251 silly placeDep ROOT prismarine-realms@1.3.2 OK for: minecraft-protocol@1.55.0 want: ^1.2.0
252 silly placeDep ROOT readable-stream@4.7.0 OK for: minecraft-protocol@1.55.0 want: ^4.1.0
253 silly placeDep ROOT uuid-1345@1.0.2 OK for: minecraft-protocol@1.55.0 want: ^1.0.1
254 silly placeDep ROOT yggdrasil@1.7.0 OK for: minecraft-protocol@1.55.0 want: ^1.4.0
255 silly fetch manifest @types/node@*
256 silly packumentCache full:https://registry.npmjs.org/@types%2fnode cache-miss
257 silly fetch manifest @types/node@*
258 silly packumentCache full:https://registry.npmjs.org/@types%2fnode cache-miss
259 silly fetch manifest safe-buffer@~5.1.1
260 silly packumentCache full:https://registry.npmjs.org/safe-buffer cache-miss
261 silly fetch manifest ms@^2.1.3
262 silly packumentCache full:https://registry.npmjs.org/ms cache-miss
263 silly fetch manifest whatwg-url@^5.0.0
264 silly packumentCache full:https://registry.npmjs.org/whatwg-url cache-miss
265 silly fetch manifest asn1@0.2.3
266 silly packumentCache full:https://registry.npmjs.org/asn1 cache-miss
267 silly fetch manifest @azure/msal-node@^2.0.2
268 silly packumentCache full:https://registry.npmjs.org/@azure%2fmsal-node cache-miss
269 http fetch GET 200 https://registry.npmjs.org/safe-buffer 2323ms (cache updated)
270 silly packumentCache full:https://registry.npmjs.org/safe-buffer set size:undefined disposed:false
271 silly fetch manifest @xboxreplay/xboxlive-auth@^3.3.3
272 silly packumentCache full:https://registry.npmjs.org/@xboxreplay%2fxboxlive-auth cache-miss
273 http fetch GET 200 https://registry.npmjs.org/ms 2686ms (cache updated)
274 silly packumentCache full:https://registry.npmjs.org/ms set size:undefined disposed:false
275 silly fetch manifest uuid-1345@^1.0.2
276 silly packumentCache full:https://registry.npmjs.org/uuid-1345 cache-miss
277 http cache https://registry.npmjs.org/uuid-1345 75ms (cache hit)
278 silly packumentCache full:https://registry.npmjs.org/uuid-1345 set size:34956 disposed:false
279 silly fetch manifest abort-controller@^3.0.0
280 silly packumentCache full:https://registry.npmjs.org/abort-controller cache-miss
281 http fetch GET 200 https://registry.npmjs.org/asn1 3374ms (cache updated)
282 silly packumentCache full:https://registry.npmjs.org/asn1 set size:undefined disposed:false
283 silly fetch manifest buffer@^6.0.3
284 silly packumentCache full:https://registry.npmjs.org/buffer cache-miss
285 http fetch GET 200 https://registry.npmjs.org/whatwg-url 3437ms (cache updated)
286 silly packumentCache full:https://registry.npmjs.org/whatwg-url set size:undefined disposed:false
287 silly fetch manifest events@^3.3.0
288 silly packumentCache full:https://registry.npmjs.org/events cache-miss
289 http fetch GET 200 https://registry.npmjs.org/@azure%2fmsal-node 11037ms (cache updated)
290 silly packumentCache full:https://registry.npmjs.org/@azure%2fmsal-node set size:undefined disposed:false
291 silly fetch manifest process@^0.11.10
292 silly packumentCache full:https://registry.npmjs.org/process cache-miss
293 http fetch GET 200 https://registry.npmjs.org/abort-controller 16075ms (cache updated)
294 silly packumentCache full:https://registry.npmjs.org/abort-controller set size:undefined disposed:false
295 silly fetch manifest string_decoder@^1.3.0
296 silly packumentCache full:https://registry.npmjs.org/string_decoder cache-miss
297 http fetch GET 200 https://registry.npmjs.org/buffer 16696ms (cache updated)
298 silly packumentCache full:https://registry.npmjs.org/buffer set size:undefined disposed:false
299 silly fetch manifest macaddress@^0.5.1
300 silly packumentCache full:https://registry.npmjs.org/macaddress cache-miss
301 http fetch GET 200 https://registry.npmjs.org/events 17783ms (cache updated)
302 silly packumentCache full:https://registry.npmjs.org/events set size:undefined disposed:false
303 silly fetch manifest uuid@^8.2.0
304 silly packumentCache full:https://registry.npmjs.org/uuid cache-miss
305 http fetch GET 200 https://registry.npmjs.org/@xboxreplay%2fxboxlive-auth 25390ms (cache updated)
306 silly packumentCache full:https://registry.npmjs.org/@xboxreplay%2fxboxlive-auth set size:undefined disposed:false
307 http fetch GET 200 https://registry.npmjs.org/string_decoder 14218ms (cache updated)
308 silly packumentCache full:https://registry.npmjs.org/string_decoder set size:undefined disposed:false
309 http fetch GET 200 https://registry.npmjs.org/uuid 16458ms (cache updated)
310 silly packumentCache full:https://registry.npmjs.org/uuid set size:undefined disposed:false
311 http fetch GET 200 https://registry.npmjs.org/process 26659ms (cache updated)
312 silly packumentCache full:https://registry.npmjs.org/process set size:undefined disposed:false
313 http fetch GET 200 https://registry.npmjs.org/macaddress 17746ms (cache updated)
314 silly packumentCache full:https://registry.npmjs.org/macaddress set size:undefined disposed:false
315 http fetch GET 200 https://registry.npmjs.org/@types%2fnode 52681ms (cache updated)
316 silly packumentCache full:https://registry.npmjs.org/@types%2fnode set size:undefined disposed:false
317 http fetch GET 200 https://registry.npmjs.org/@types%2fnode 67945ms (cache updated)
318 silly packumentCache full:https://registry.npmjs.org/@types%2fnode set size:undefined disposed:false
319 silly placeDep ROOT @types/node@22.13.14 OK for: @types/node-rsa@1.1.4 want: *
320 silly fetch manifest undici-types@~6.20.0
321 silly packumentCache full:https://registry.npmjs.org/undici-types cache-miss
322 http fetch GET 200 https://registry.npmjs.org/undici-types 1864ms (cache updated)
323 silly packumentCache full:https://registry.npmjs.org/undici-types set size:undefined disposed:false
324 silly placeDep ROOT undici-types@6.20.0 OK for: @types/node@22.13.14 want: ~6.20.0
325 silly placeDep ROOT safe-buffer@5.1.2 OK for: @types/readable-stream@4.0.18 want: ~5.1.1
326 silly placeDep ROOT ms@2.1.3 OK for: debug@4.4.0 want: ^2.1.3
327 silly placeDep ROOT whatwg-url@5.0.0 OK for: node-fetch@2.7.0 want: ^5.0.0
328 silly fetch manifest tr46@~0.0.3
329 silly packumentCache full:https://registry.npmjs.org/tr46 cache-miss
330 silly fetch manifest webidl-conversions@^3.0.0
331 silly packumentCache full:https://registry.npmjs.org/webidl-conversions cache-miss
332 http fetch GET 200 https://registry.npmjs.org/webidl-conversions 1818ms (cache updated)
333 silly packumentCache full:https://registry.npmjs.org/webidl-conversions set size:undefined disposed:false
334 http fetch GET 200 https://registry.npmjs.org/tr46 2083ms (cache updated)
335 silly packumentCache full:https://registry.npmjs.org/tr46 set size:undefined disposed:false
336 silly placeDep ROOT asn1@0.2.3 OK for: node-rsa@0.4.2 want: 0.2.3
337 silly placeDep ROOT @azure/msal-node@2.16.2 OK for: prismarine-auth@2.7.0 want: ^2.0.2
338 silly placeDep ROOT @xboxreplay/xboxlive-auth@3.3.3 OK for: prismarine-auth@2.7.0 want: ^3.3.3
339 silly placeDep ROOT smart-buffer@4.2.0 OK for: prismarine-auth@2.7.0 want: ^4.1.0
340 silly fetch manifest uuid@^8.3.0
341 silly packumentCache full:https://registry.npmjs.org/uuid cache-miss
342 silly fetch manifest jsonwebtoken@^9.0.0
343 silly packumentCache full:https://registry.npmjs.org/jsonwebtoken cache-miss
344 silly fetch manifest @azure/msal-common@14.16.0
345 silly packumentCache full:https://registry.npmjs.org/@azure%2fmsal-common cache-miss
346 silly fetch manifest axios@^0.21.1
347 silly packumentCache full:https://registry.npmjs.org/axios cache-miss
348 silly fetch manifest @xboxreplay/errors@^0.1.0
349 silly packumentCache full:https://registry.npmjs.org/@xboxreplay%2ferrors cache-miss
350 http cache https://registry.npmjs.org/uuid 51ms (cache hit)
351 silly packumentCache full:https://registry.npmjs.org/uuid set size:215972 disposed:false
352 http fetch GET 200 https://registry.npmjs.org/jsonwebtoken 4748ms (cache updated)
353 silly packumentCache full:https://registry.npmjs.org/jsonwebtoken set size:undefined disposed:false
354 http fetch GET 200 https://registry.npmjs.org/@azure%2fmsal-common 7481ms (cache updated)
355 silly packumentCache full:https://registry.npmjs.org/@azure%2fmsal-common set size:undefined disposed:false
356 http fetch GET 200 https://registry.npmjs.org/axios 7503ms (cache updated)
357 silly packumentCache full:https://registry.npmjs.org/axios set size:undefined disposed:false
358 http fetch GET 200 https://registry.npmjs.org/@xboxreplay%2ferrors 8705ms (cache updated)
359 silly packumentCache full:https://registry.npmjs.org/@xboxreplay%2ferrors set size:undefined disposed:false
360 silly placeDep ROOT @azure/msal-common@14.16.0 OK for: @azure/msal-node@2.16.2 want: 14.16.0
361 silly placeDep ROOT jsonwebtoken@9.0.2 OK for: @azure/msal-node@2.16.2 want: ^9.0.0
362 silly placeDep ROOT uuid@8.3.2 OK for: @azure/msal-node@2.16.2 want: ^8.3.0
363 silly fetch manifest jws@^3.2.2
364 silly packumentCache full:https://registry.npmjs.org/jws cache-miss
365 silly fetch manifest semver@^7.5.4
366 silly packumentCache full:https://registry.npmjs.org/semver cache-miss
367 silly fetch manifest lodash.once@^4.0.0
368 silly packumentCache full:https://registry.npmjs.org/lodash.once cache-miss
369 silly fetch manifest lodash.includes@^4.3.0
370 silly packumentCache full:https://registry.npmjs.org/lodash.includes cache-miss
371 silly fetch manifest lodash.isnumber@^3.0.3
372 silly packumentCache full:https://registry.npmjs.org/lodash.isnumber cache-miss
373 silly fetch manifest lodash.isstring@^4.0.1
374 silly packumentCache full:https://registry.npmjs.org/lodash.isstring cache-miss
375 silly fetch manifest lodash.isboolean@^3.0.3
376 silly packumentCache full:https://registry.npmjs.org/lodash.isboolean cache-miss
377 http fetch GET 200 https://registry.npmjs.org/lodash.isnumber 2102ms (cache updated)
378 silly packumentCache full:https://registry.npmjs.org/lodash.isnumber set size:undefined disposed:false
379 silly fetch manifest lodash.isinteger@^4.0.4
380 silly packumentCache full:https://registry.npmjs.org/lodash.isinteger cache-miss
381 http fetch GET 200 https://registry.npmjs.org/lodash.isstring 2268ms (cache updated)
382 silly packumentCache full:https://registry.npmjs.org/lodash.isstring set size:undefined disposed:false
383 silly fetch manifest lodash.isplainobject@^4.0.6
384 silly packumentCache full:https://registry.npmjs.org/lodash.isplainobject cache-miss
385 http fetch GET 200 https://registry.npmjs.org/lodash.once 2702ms (cache updated)
386 silly packumentCache full:https://registry.npmjs.org/lodash.once set size:undefined disposed:false
387 http fetch GET 200 https://registry.npmjs.org/jws 2713ms (cache updated)
388 silly packumentCache full:https://registry.npmjs.org/jws set size:undefined disposed:false
389 http fetch GET 200 https://registry.npmjs.org/lodash.includes 2953ms (cache updated)
390 silly packumentCache full:https://registry.npmjs.org/lodash.includes set size:undefined disposed:false
391 http fetch GET 200 https://registry.npmjs.org/semver 3314ms (cache updated)
392 silly packumentCache full:https://registry.npmjs.org/semver set size:undefined disposed:false
393 http fetch GET 200 https://registry.npmjs.org/lodash.isinteger 3014ms (cache updated)
394 silly packumentCache full:https://registry.npmjs.org/lodash.isinteger set size:undefined disposed:false
395 http fetch GET 200 https://registry.npmjs.org/lodash.isplainobject 3797ms (cache updated)
396 silly packumentCache full:https://registry.npmjs.org/lodash.isplainobject set size:undefined disposed:false
397 http fetch GET 200 https://registry.npmjs.org/lodash.isboolean 13878ms (cache updated)
398 silly packumentCache full:https://registry.npmjs.org/lodash.isboolean set size:undefined disposed:false
399 silly placeDep ROOT @xboxreplay/errors@0.1.0 OK for: @xboxreplay/xboxlive-auth@3.3.3 want: ^0.1.0
400 silly placeDep ROOT axios@0.21.4 OK for: @xboxreplay/xboxlive-auth@3.3.3 want: ^0.21.1
401 silly fetch manifest follow-redirects@^1.14.0
402 silly packumentCache full:https://registry.npmjs.org/follow-redirects cache-miss
403 http fetch GET 200 https://registry.npmjs.org/follow-redirects 3067ms (cache updated)
404 silly packumentCache full:https://registry.npmjs.org/follow-redirects set size:undefined disposed:false
405 silly placeDep ROOT follow-redirects@1.15.9 OK for: axios@0.21.4 want: ^1.14.0
406 silly placeDep ROOT jws@3.2.2 OK for: jsonwebtoken@9.0.2 want: ^3.2.2
407 silly placeDep ROOT lodash.includes@4.3.0 OK for: jsonwebtoken@9.0.2 want: ^4.3.0
408 silly placeDep ROOT lodash.isboolean@3.0.3 OK for: jsonwebtoken@9.0.2 want: ^3.0.3
409 silly placeDep ROOT lodash.isinteger@4.0.4 OK for: jsonwebtoken@9.0.2 want: ^4.0.4
410 silly placeDep ROOT lodash.isnumber@3.0.3 OK for: jsonwebtoken@9.0.2 want: ^3.0.3
411 silly placeDep ROOT lodash.isplainobject@4.0.6 OK for: jsonwebtoken@9.0.2 want: ^4.0.6
412 silly placeDep ROOT lodash.isstring@4.0.1 OK for: jsonwebtoken@9.0.2 want: ^4.0.1
413 silly placeDep ROOT lodash.once@4.1.1 OK for: jsonwebtoken@9.0.2 want: ^4.0.0
414 silly placeDep ROOT semver@7.7.1 OK for: jsonwebtoken@9.0.2 want: ^7.5.4
415 silly fetch manifest jwa@^1.4.1
416 silly packumentCache full:https://registry.npmjs.org/jwa cache-miss
417 http fetch GET 200 https://registry.npmjs.org/jwa 4766ms (cache updated)
418 silly packumentCache full:https://registry.npmjs.org/jwa set size:undefined disposed:false
419 silly placeDep ROOT jwa@1.4.1 OK for: jws@3.2.2 want: ^1.4.1
420 silly fetch manifest buffer-equal-constant-time@1.0.1
421 silly packumentCache full:https://registry.npmjs.org/buffer-equal-constant-time cache-miss
422 silly fetch manifest ecdsa-sig-formatter@1.0.11
423 silly packumentCache full:https://registry.npmjs.org/ecdsa-sig-formatter cache-miss
424 http fetch GET 200 https://registry.npmjs.org/ecdsa-sig-formatter 6036ms (cache updated)
425 silly packumentCache full:https://registry.npmjs.org/ecdsa-sig-formatter set size:undefined disposed:false
426 http fetch GET 200 https://registry.npmjs.org/buffer-equal-constant-time 6106ms (cache updated)
427 silly packumentCache full:https://registry.npmjs.org/buffer-equal-constant-time set size:undefined disposed:false
428 silly placeDep ROOT buffer-equal-constant-time@1.0.1 OK for: jwa@1.4.1 want: 1.0.1
429 silly placeDep ROOT ecdsa-sig-formatter@1.0.11 OK for: jwa@1.4.1 want: 1.0.11
430 silly placeDep ROOT mojangson@2.0.4 OK for: prismarine-chat@1.11.0 want: ^2.0.1
431 silly fetch manifest nearley@^2.19.5
432 silly packumentCache full:https://registry.npmjs.org/nearley cache-miss
433 http fetch GET 200 https://registry.npmjs.org/nearley 5376ms (cache updated)
434 silly packumentCache full:https://registry.npmjs.org/nearley set size:undefined disposed:false
435 silly placeDep ROOT nearley@2.20.1 OK for: mojangson@2.0.4 want: ^2.19.5
436 silly fetch manifest commander@^2.19.0
437 silly packumentCache full:https://registry.npmjs.org/commander cache-miss
438 silly fetch manifest moo@^0.5.0
439 silly packumentCache full:https://registry.npmjs.org/moo cache-miss
440 silly fetch manifest railroad-diagrams@^1.0.0
441 silly packumentCache full:https://registry.npmjs.org/railroad-diagrams cache-miss
442 silly fetch manifest randexp@0.4.6
443 silly packumentCache full:https://registry.npmjs.org/randexp cache-miss
444 http fetch GET 200 https://registry.npmjs.org/railroad-diagrams 800ms (cache updated)
445 silly packumentCache full:https://registry.npmjs.org/railroad-diagrams set size:undefined disposed:false
446 http fetch GET 200 https://registry.npmjs.org/moo 1078ms (cache updated)
447 silly packumentCache full:https://registry.npmjs.org/moo set size:undefined disposed:false
448 http fetch GET 200 https://registry.npmjs.org/randexp 1354ms (cache updated)
449 silly packumentCache full:https://registry.npmjs.org/randexp set size:undefined disposed:false
450 http fetch GET 200 https://registry.npmjs.org/commander 2949ms (cache updated)
451 silly packumentCache full:https://registry.npmjs.org/commander set size:undefined disposed:false
452 silly placeDep ROOT commander@2.20.3 OK for: nearley@2.20.1 want: ^2.19.0
453 silly placeDep ROOT moo@0.5.2 OK for: nearley@2.20.1 want: ^0.5.0
454 silly placeDep ROOT railroad-diagrams@1.0.0 OK for: nearley@2.20.1 want: ^1.0.0
455 silly placeDep ROOT randexp@0.4.6 OK for: nearley@2.20.1 want: 0.4.6
456 silly fetch manifest discontinuous-range@1.0.0
457 silly packumentCache full:https://registry.npmjs.org/discontinuous-range cache-miss
458 silly fetch manifest ret@~0.1.10
459 silly packumentCache full:https://registry.npmjs.org/ret cache-miss
460 http fetch GET 200 https://registry.npmjs.org/ret 2484ms (cache updated)
461 silly packumentCache full:https://registry.npmjs.org/ret set size:undefined disposed:false
462 http fetch GET 200 https://registry.npmjs.org/discontinuous-range 2535ms (cache updated)
463 silly packumentCache full:https://registry.npmjs.org/discontinuous-range set size:undefined disposed:false
464 silly placeDep ROOT uint4@0.1.2 OK for: prismarine-chunk@1.38.1 want: ^0.1.2
465 silly placeDep ROOT xxhash-wasm@0.4.2 OK for: prismarine-chunk@1.38.1 want: ^0.4.2
466 silly placeDep node_modules/prismarine-windows typed-emitter@2.1.0 OK for: prismarine-windows@2.9.0 want: ^2.1.0
467 silly fetch manifest rxjs@*
468 silly packumentCache full:https://registry.npmjs.org/rxjs cache-miss
469 http fetch GET 200 https://registry.npmjs.org/rxjs 4754ms (cache updated)
470 silly packumentCache full:https://registry.npmjs.org/rxjs set size:undefined disposed:false
471 silly placeDep ROOT lodash.reduce@4.6.0 OK for: protodef@1.18.0 want: ^4.6.0
472 silly placeDep ROOT protodef-validator@1.4.0 OK for: protodef@1.18.0 want: ^1.3.0
473 silly fetch manifest ajv@^6.5.4
474 silly packumentCache full:https://registry.npmjs.org/ajv cache-miss
475 http fetch GET 200 https://registry.npmjs.org/ajv 5324ms (cache updated)
476 silly packumentCache full:https://registry.npmjs.org/ajv set size:undefined disposed:false
477 silly placeDep ROOT ajv@6.12.6 OK for: protodef-validator@1.4.0 want: ^6.5.4
478 silly fetch manifest uri-js@^4.2.2
479 silly packumentCache full:https://registry.npmjs.org/uri-js cache-miss
480 silly fetch manifest fast-deep-equal@^3.1.1
481 silly packumentCache full:https://registry.npmjs.org/fast-deep-equal cache-miss
482 silly fetch manifest json-schema-traverse@^0.4.1
483 silly packumentCache full:https://registry.npmjs.org/json-schema-traverse cache-miss
484 silly fetch manifest fast-json-stable-stringify@^2.0.0
485 silly packumentCache full:https://registry.npmjs.org/fast-json-stable-stringify cache-miss
486 http fetch GET 200 https://registry.npmjs.org/uri-js 842ms (cache updated)
487 silly packumentCache full:https://registry.npmjs.org/uri-js set size:undefined disposed:false
488 http fetch GET 200 https://registry.npmjs.org/fast-json-stable-stringify 1031ms (cache updated)
489 silly packumentCache full:https://registry.npmjs.org/fast-json-stable-stringify set size:undefined disposed:false
490 http fetch GET 200 https://registry.npmjs.org/fast-deep-equal 1198ms (cache updated)
491 silly packumentCache full:https://registry.npmjs.org/fast-deep-equal set size:undefined disposed:false
492 http fetch GET 200 https://registry.npmjs.org/json-schema-traverse 1363ms (cache updated)
493 silly packumentCache full:https://registry.npmjs.org/json-schema-traverse set size:undefined disposed:false
494 silly placeDep ROOT fast-deep-equal@3.1.3 OK for: ajv@6.12.6 want: ^3.1.1
495 silly placeDep ROOT fast-json-stable-stringify@2.1.0 OK for: ajv@6.12.6 want: ^2.0.0
496 silly placeDep ROOT json-schema-traverse@0.4.1 OK for: ajv@6.12.6 want: ^0.4.1
497 silly placeDep ROOT uri-js@4.4.1 OK for: ajv@6.12.6 want: ^4.2.2
498 silly fetch manifest punycode@^2.1.0
499 silly packumentCache full:https://registry.npmjs.org/punycode cache-miss
500 http fetch GET 200 https://registry.npmjs.org/punycode 2169ms (cache updated)
501 silly packumentCache full:https://registry.npmjs.org/punycode set size:undefined disposed:false
502 silly placeDep ROOT discontinuous-range@1.0.0 OK for: randexp@0.4.6 want: 1.0.0
503 silly placeDep ROOT ret@0.1.15 OK for: randexp@0.4.6 want: ~0.1.10
504 silly placeDep ROOT abort-controller@3.0.0 OK for: readable-stream@4.7.0 want: ^3.0.0
505 silly placeDep ROOT buffer@6.0.3 OK for: readable-stream@4.7.0 want: ^6.0.3
506 silly placeDep ROOT events@3.3.0 OK for: readable-stream@4.7.0 want: ^3.3.0
507 silly placeDep ROOT process@0.11.10 OK for: readable-stream@4.7.0 want: ^0.11.10
508 silly placeDep ROOT string_decoder@1.3.0 OK for: readable-stream@4.7.0 want: ^1.3.0
509 silly fetch manifest event-target-shim@^5.0.0
510 silly packumentCache full:https://registry.npmjs.org/event-target-shim cache-miss
511 silly fetch manifest base64-js@^1.3.1
512 silly packumentCache full:https://registry.npmjs.org/base64-js cache-miss
513 silly fetch manifest ieee754@^1.2.1
514 silly packumentCache full:https://registry.npmjs.org/ieee754 cache-miss
515 silly fetch manifest safe-buffer@~5.2.0
516 silly packumentCache full:https://registry.npmjs.org/safe-buffer cache-miss
517 http cache https://registry.npmjs.org/safe-buffer 24ms (cache hit)
518 silly packumentCache full:https://registry.npmjs.org/safe-buffer set size:41183 disposed:false
519 http fetch GET 200 https://registry.npmjs.org/base64-js 1082ms (cache updated)
520 silly packumentCache full:https://registry.npmjs.org/base64-js set size:undefined disposed:false
521 http fetch GET 200 https://registry.npmjs.org/ieee754 1254ms (cache updated)
522 silly packumentCache full:https://registry.npmjs.org/ieee754 set size:undefined disposed:false
523 http fetch GET 200 https://registry.npmjs.org/event-target-shim 1636ms (cache updated)
524 silly packumentCache full:https://registry.npmjs.org/event-target-shim set size:undefined disposed:false
525 silly placeDep ROOT event-target-shim@5.0.1 OK for: abort-controller@3.0.0 want: ^5.0.0
526 silly placeDep ROOT base64-js@1.5.1 OK for: buffer@6.0.3 want: ^1.3.1
527 silly placeDep ROOT ieee754@1.2.1 OK for: buffer@6.0.3 want: ^1.2.1
528 silly placeDep node_modules/string_decoder safe-buffer@5.2.1 OK for: string_decoder@1.3.0 want: ~5.2.0
529 silly placeDep ROOT punycode@2.3.1 OK for: uri-js@4.4.1 want: ^2.1.0
530 silly placeDep ROOT macaddress@0.5.3 OK for: uuid-1345@1.0.2 want: ^0.5.1
531 silly placeDep ROOT tr46@0.0.3 OK for: whatwg-url@5.0.0 want: ~0.0.3
532 silly placeDep ROOT webidl-conversions@3.0.1 OK for: whatwg-url@5.0.0 want: ^3.0.0
533 silly placeDep ROOT rxjs@7.8.2 OK for: typed-emitter@2.1.0 want: *
534 silly fetch manifest tslib@^2.1.0
535 silly packumentCache full:https://registry.npmjs.org/tslib cache-miss
536 http fetch GET 200 https://registry.npmjs.org/tslib 6251ms (cache updated)
537 silly packumentCache full:https://registry.npmjs.org/tslib set size:undefined disposed:false
538 silly placeDep ROOT tslib@2.8.1 OK for: rxjs@7.8.2 want: ^2.1.0
539 silly reify moves {}
540 http cache tslib@https://registry.npmjs.org/tslib/-/tslib-2.8.1.tgz 1ms (cache hit)
541 http cache rxjs@https://registry.npmjs.org/rxjs/-/rxjs-7.8.2.tgz 0ms (cache hit)
542 http cache webidl-conversions@https://registry.npmjs.org/webidl-conversions/-/webidl-conversions-3.0.1.tgz 0ms (cache hit)
543 http cache tr46@https://registry.npmjs.org/tr46/-/tr46-0.0.3.tgz 0ms (cache hit)
544 http cache macaddress@https://registry.npmjs.org/macaddress/-/macaddress-0.5.3.tgz 0ms (cache hit)
545 http cache punycode@https://registry.npmjs.org/punycode/-/punycode-2.3.1.tgz 0ms (cache hit)
546 http cache ieee754@https://registry.npmjs.org/ieee754/-/ieee754-1.2.1.tgz 0ms (cache hit)
547 http cache base64-js@https://registry.npmjs.org/base64-js/-/base64-js-1.5.1.tgz 1ms (cache hit)
548 http cache event-target-shim@https://registry.npmjs.org/event-target-shim/-/event-target-shim-5.0.1.tgz 0ms (cache hit)
549 http cache string_decoder@https://registry.npmjs.org/string_decoder/-/string_decoder-1.3.0.tgz 0ms (cache hit)
550 http cache process@https://registry.npmjs.org/process/-/process-0.11.10.tgz 0ms (cache hit)
551 http cache events@https://registry.npmjs.org/events/-/events-3.3.0.tgz 0ms (cache hit)
552 http cache buffer@https://registry.npmjs.org/buffer/-/buffer-6.0.3.tgz 0ms (cache hit)
553 http cache ret@https://registry.npmjs.org/ret/-/ret-0.1.15.tgz 0ms (cache hit)
554 http cache uri-js@https://registry.npmjs.org/uri-js/-/uri-js-4.4.1.tgz 0ms (cache hit)
555 http cache json-schema-traverse@https://registry.npmjs.org/json-schema-traverse/-/json-schema-traverse-0.4.1.tgz 0ms (cache hit)
556 http cache discontinuous-range@https://registry.npmjs.org/discontinuous-range/-/discontinuous-range-1.0.0.tgz 0ms (cache hit)
557 http cache abort-controller@https://registry.npmjs.org/abort-controller/-/abort-controller-3.0.0.tgz 0ms (cache hit)
558 http cache fast-deep-equal@https://registry.npmjs.org/fast-deep-equal/-/fast-deep-equal-3.1.3.tgz 0ms (cache hit)
559 http cache ajv@https://registry.npmjs.org/ajv/-/ajv-6.12.6.tgz 0ms (cache hit)
560 http cache lodash.reduce@https://registry.npmjs.org/lodash.reduce/-/lodash.reduce-4.6.0.tgz 1ms (cache hit)
561 http cache protodef-validator@https://registry.npmjs.org/protodef-validator/-/protodef-validator-1.4.0.tgz 0ms (cache hit)
562 http cache fast-json-stable-stringify@https://registry.npmjs.org/fast-json-stable-stringify/-/fast-json-stable-stringify-2.1.0.tgz 0ms (cache hit)
563 http cache uint4@https://registry.npmjs.org/uint4/-/uint4-0.1.2.tgz 0ms (cache hit)
564 http cache xxhash-wasm@https://registry.npmjs.org/xxhash-wasm/-/xxhash-wasm-0.4.2.tgz 0ms (cache hit)
565 http cache randexp@https://registry.npmjs.org/randexp/-/randexp-0.4.6.tgz 0ms (cache hit)
566 http cache railroad-diagrams@https://registry.npmjs.org/railroad-diagrams/-/railroad-diagrams-1.0.0.tgz 0ms (cache hit)
567 http cache moo@https://registry.npmjs.org/moo/-/moo-0.5.2.tgz 0ms (cache hit)
568 http cache commander@https://registry.npmjs.org/commander/-/commander-2.20.3.tgz 0ms (cache hit)
569 http cache mojangson@https://registry.npmjs.org/mojangson/-/mojangson-2.0.4.tgz 0ms (cache hit)
570 http cache nearley@https://registry.npmjs.org/nearley/-/nearley-2.20.1.tgz 0ms (cache hit)
571 http cache ecdsa-sig-formatter@https://registry.npmjs.org/ecdsa-sig-formatter/-/ecdsa-sig-formatter-1.0.11.tgz 0ms (cache hit)
572 http cache buffer-equal-constant-time@https://registry.npmjs.org/buffer-equal-constant-time/-/buffer-equal-constant-time-1.0.1.tgz 0ms (cache hit)
573 http cache jwa@https://registry.npmjs.org/jwa/-/jwa-1.4.1.tgz 0ms (cache hit)
574 http cache semver@https://registry.npmjs.org/semver/-/semver-7.7.1.tgz 0ms (cache hit)
575 http cache lodash.once@https://registry.npmjs.org/lodash.once/-/lodash.once-4.1.1.tgz 0ms (cache hit)
576 http cache lodash.isstring@https://registry.npmjs.org/lodash.isstring/-/lodash.isstring-4.0.1.tgz 1ms (cache hit)
577 http cache lodash.isplainobject@https://registry.npmjs.org/lodash.isplainobject/-/lodash.isplainobject-4.0.6.tgz 0ms (cache hit)
578 http cache lodash.isnumber@https://registry.npmjs.org/lodash.isnumber/-/lodash.isnumber-3.0.3.tgz 0ms (cache hit)
579 http cache lodash.isinteger@https://registry.npmjs.org/lodash.isinteger/-/lodash.isinteger-4.0.4.tgz 0ms (cache hit)
580 http cache lodash.isboolean@https://registry.npmjs.org/lodash.isboolean/-/lodash.isboolean-3.0.3.tgz 0ms (cache hit)
581 http cache lodash.includes@https://registry.npmjs.org/lodash.includes/-/lodash.includes-4.3.0.tgz 0ms (cache hit)
582 http cache jws@https://registry.npmjs.org/jws/-/jws-3.2.2.tgz 0ms (cache hit)
583 http cache follow-redirects@https://registry.npmjs.org/follow-redirects/-/follow-redirects-1.15.9.tgz 0ms (cache hit)
584 http cache axios@https://registry.npmjs.org/axios/-/axios-0.21.4.tgz 0ms (cache hit)
585 http cache @xboxreplay/errors@https://registry.npmjs.org/@xboxreplay/errors/-/errors-0.1.0.tgz 0ms (cache hit)
586 http cache uuid@https://registry.npmjs.org/uuid/-/uuid-8.3.2.tgz 0ms (cache hit)
587 http cache jsonwebtoken@https://registry.npmjs.org/jsonwebtoken/-/jsonwebtoken-9.0.2.tgz 0ms (cache hit)
588 http cache @azure/msal-common@https://registry.npmjs.org/@azure/msal-common/-/msal-common-14.16.0.tgz 0ms (cache hit)
589 http cache smart-buffer@https://registry.npmjs.org/smart-buffer/-/smart-buffer-4.2.0.tgz 0ms (cache hit)
590 http cache @xboxreplay/xboxlive-auth@https://registry.npmjs.org/@xboxreplay/xboxlive-auth/-/xboxlive-auth-3.3.3.tgz 0ms (cache hit)
591 http cache @azure/msal-node@https://registry.npmjs.org/@azure/msal-node/-/msal-node-2.16.2.tgz 1ms (cache hit)
592 http cache asn1@https://registry.npmjs.org/asn1/-/asn1-0.2.3.tgz 0ms (cache hit)
593 http cache whatwg-url@https://registry.npmjs.org/whatwg-url/-/whatwg-url-5.0.0.tgz 1ms (cache hit)
594 http cache ms@https://registry.npmjs.org/ms/-/ms-2.1.3.tgz 0ms (cache hit)
595 http cache safe-buffer@https://registry.npmjs.org/safe-buffer/-/safe-buffer-5.1.2.tgz 0ms (cache hit)
596 http cache undici-types@https://registry.npmjs.org/undici-types/-/undici-types-6.20.0.tgz 0ms (cache hit)
597 http cache @types/node@https://registry.npmjs.org/@types/node/-/node-22.13.14.tgz 0ms (cache hit)
598 http cache yggdrasil@https://registry.npmjs.org/yggdrasil/-/yggdrasil-1.7.0.tgz 1ms (cache hit)
599 http cache uuid-1345@https://registry.npmjs.org/uuid-1345/-/uuid-1345-1.0.2.tgz 0ms (cache hit)
600 http cache readable-stream@https://registry.npmjs.org/readable-stream/-/readable-stream-4.7.0.tgz 0ms (cache hit)
601 http cache prismarine-realms@https://registry.npmjs.org/prismarine-realms/-/prismarine-realms-1.3.2.tgz 0ms (cache hit)
602 http cache prismarine-auth@https://registry.npmjs.org/prismarine-auth/-/prismarine-auth-2.7.0.tgz 0ms (cache hit)
603 http cache node-rsa@https://registry.npmjs.org/node-rsa/-/node-rsa-0.4.2.tgz 0ms (cache hit)
604 http cache node-fetch@https://registry.npmjs.org/node-fetch/-/node-fetch-2.7.0.tgz 0ms (cache hit)
605 http cache minecraft-folder-path@https://registry.npmjs.org/minecraft-folder-path/-/minecraft-folder-path-1.2.0.tgz 0ms (cache hit)
606 http cache lodash.merge@https://registry.npmjs.org/lodash.merge/-/lodash.merge-4.6.2.tgz 0ms (cache hit)
607 http cache lodash.get@https://registry.npmjs.org/lodash.get/-/lodash.get-4.4.2.tgz 0ms (cache hit)
608 http cache endian-toggle@https://registry.npmjs.org/endian-toggle/-/endian-toggle-0.0.0.tgz 0ms (cache hit)
609 http cache debug@https://registry.npmjs.org/debug/-/debug-4.4.0.tgz 0ms (cache hit)
610 http cache buffer-equal@https://registry.npmjs.org/buffer-equal/-/buffer-equal-1.0.1.tgz 0ms (cache hit)
611 http cache aes-js@https://registry.npmjs.org/aes-js/-/aes-js-3.1.2.tgz 0ms (cache hit)
612 http cache @types/readable-stream@https://registry.npmjs.org/@types/readable-stream/-/readable-stream-4.0.18.tgz 0ms (cache hit)
613 http cache @types/node-rsa@https://registry.npmjs.org/@types/node-rsa/-/node-rsa-1.1.4.tgz 1ms (cache hit)
614 http cache vec3@https://registry.npmjs.org/vec3/-/vec3-0.1.10.tgz 0ms (cache hit)
615 http cache typed-emitter@https://registry.npmjs.org/typed-emitter/-/typed-emitter-1.4.0.tgz 0ms (cache hit)
616 http cache protodef@https://registry.npmjs.org/protodef/-/protodef-1.18.0.tgz 0ms (cache hit)
617 http cache prismarine-world@https://registry.npmjs.org/prismarine-world/-/prismarine-world-3.6.3.tgz 0ms (cache hit)
618 http cache prismarine-windows@https://registry.npmjs.org/prismarine-windows/-/prismarine-windows-2.9.0.tgz 0ms (cache hit)
619 http cache prismarine-recipe@https://registry.npmjs.org/prismarine-recipe/-/prismarine-recipe-1.3.1.tgz 0ms (cache hit)
620 http cache prismarine-physics@https://registry.npmjs.org/prismarine-physics/-/prismarine-physics-1.10.0.tgz 0ms (cache hit)
621 http cache prismarine-nbt@https://registry.npmjs.org/prismarine-nbt/-/prismarine-nbt-2.7.0.tgz 0ms (cache hit)
622 http cache prismarine-item@https://registry.npmjs.org/prismarine-item/-/prismarine-item-1.16.0.tgz 0ms (cache hit)
623 http cache prismarine-entity@https://registry.npmjs.org/prismarine-entity/-/prismarine-entity-2.5.0.tgz 0ms (cache hit)
624 http cache prismarine-chunk@https://registry.npmjs.org/prismarine-chunk/-/prismarine-chunk-1.38.1.tgz 1ms (cache hit)
625 http cache prismarine-chat@https://registry.npmjs.org/prismarine-chat/-/prismarine-chat-1.11.0.tgz 1ms (cache hit)
626 http cache prismarine-block@https://registry.npmjs.org/prismarine-block/-/prismarine-block-1.21.0.tgz 0ms (cache hit)
627 http cache prismarine-registry@https://registry.npmjs.org/prismarine-registry/-/prismarine-registry-1.11.0.tgz 0ms (cache hit)
628 http cache prismarine-biome@https://registry.npmjs.org/prismarine-biome/-/prismarine-biome-1.3.0.tgz 0ms (cache hit)
629 http cache minecraft-protocol@https://registry.npmjs.org/minecraft-protocol/-/minecraft-protocol-1.55.0.tgz 0ms (cache hit)
630 http cache minecraft-data@https://registry.npmjs.org/minecraft-data/-/minecraft-data-3.85.0.tgz 0ms (cache hit)
631 http cache mineflayer@https://registry.npmjs.org/mineflayer/-/mineflayer-4.27.0.tgz 1ms (cache hit)
632 http cache safe-buffer@https://registry.npmjs.org/safe-buffer/-/safe-buffer-5.2.1.tgz 0ms (cache hit)
633 http cache typed-emitter@https://registry.npmjs.org/typed-emitter/-/typed-emitter-2.1.0.tgz 0ms (cache hit)
634 warn deprecated lodash.get@4.4.2: This package is deprecated. Use the optional chaining (?.) operator instead.
635 silly ADD node_modules/tslib
636 silly ADD node_modules/rxjs
637 silly ADD node_modules/webidl-conversions
638 silly ADD node_modules/tr46
639 silly ADD node_modules/macaddress
640 silly ADD node_modules/punycode
641 silly ADD node_modules/ieee754
642 silly ADD node_modules/base64-js
643 silly ADD node_modules/event-target-shim
644 silly ADD node_modules/string_decoder
645 silly ADD node_modules/string_decoder/node_modules/safe-buffer
646 silly ADD node_modules/process
647 silly ADD node_modules/events
648 silly ADD node_modules/buffer
649 silly ADD node_modules/abort-controller
650 silly ADD node_modules/ret
651 silly ADD node_modules/discontinuous-range
652 silly ADD node_modules/uri-js
653 silly ADD node_modules/json-schema-traverse
654 silly ADD node_modules/fast-json-stable-stringify
655 silly ADD node_modules/fast-deep-equal
656 silly ADD node_modules/ajv
657 silly ADD node_modules/protodef-validator
658 silly ADD node_modules/lodash.reduce
659 silly ADD node_modules/xxhash-wasm
660 silly ADD node_modules/uint4
661 silly ADD node_modules/randexp
662 silly ADD node_modules/railroad-diagrams
663 silly ADD node_modules/moo
664 silly ADD node_modules/commander
665 silly ADD node_modules/nearley
666 silly ADD node_modules/mojangson
667 silly ADD node_modules/ecdsa-sig-formatter
668 silly ADD node_modules/buffer-equal-constant-time
669 silly ADD node_modules/jwa
670 silly ADD node_modules/semver
671 silly ADD node_modules/lodash.once
672 silly ADD node_modules/lodash.isstring
673 silly ADD node_modules/lodash.isplainobject
674 silly ADD node_modules/lodash.isnumber
675 silly ADD node_modules/lodash.isinteger
676 silly ADD node_modules/lodash.isboolean
677 silly ADD node_modules/lodash.includes
678 silly ADD node_modules/jws
679 silly ADD node_modules/follow-redirects
680 silly ADD node_modules/axios
681 silly ADD node_modules/@xboxreplay/errors
682 silly ADD node_modules/uuid
683 silly ADD node_modules/jsonwebtoken
684 silly ADD node_modules/@azure/msal-common
685 silly ADD node_modules/smart-buffer
686 silly ADD node_modules/@xboxreplay/xboxlive-auth
687 silly ADD node_modules/@azure/msal-node
688 silly ADD node_modules/asn1
689 silly ADD node_modules/whatwg-url
690 silly ADD node_modules/ms
691 silly ADD node_modules/safe-buffer
692 silly ADD node_modules/undici-types
693 silly ADD node_modules/@types/node
694 silly ADD node_modules/yggdrasil
695 silly ADD node_modules/uuid-1345
696 silly ADD node_modules/readable-stream
697 silly ADD node_modules/prismarine-realms
698 silly ADD node_modules/prismarine-auth
699 silly ADD node_modules/node-rsa
700 silly ADD node_modules/node-fetch
701 silly ADD node_modules/minecraft-folder-path
702 silly ADD node_modules/lodash.merge
703 silly ADD node_modules/lodash.get
704 silly ADD node_modules/endian-toggle
705 silly ADD node_modules/debug
706 silly ADD node_modules/buffer-equal
707 silly ADD node_modules/aes-js
708 silly ADD node_modules/@types/readable-stream
709 silly ADD node_modules/@types/node-rsa
710 silly ADD node_modules/vec3
711 silly ADD node_modules/typed-emitter
712 silly ADD node_modules/protodef
713 silly ADD node_modules/prismarine-world
714 silly ADD node_modules/prismarine-windows
715 silly ADD node_modules/prismarine-windows/node_modules/typed-emitter
716 silly ADD node_modules/prismarine-recipe
717 silly ADD node_modules/prismarine-physics
718 silly ADD node_modules/prismarine-nbt
719 silly ADD node_modules/prismarine-item
720 silly ADD node_modules/prismarine-entity
721 silly ADD node_modules/prismarine-chunk
722 silly ADD node_modules/prismarine-chat
723 silly ADD node_modules/prismarine-block
724 silly ADD node_modules/prismarine-registry
725 silly ADD node_modules/prismarine-biome
726 silly ADD node_modules/minecraft-protocol
727 silly ADD node_modules/minecraft-data
728 silly ADD node_modules/mineflayer
729 verbose cwd /data/data/com.termux/files/home
730 verbose os Linux 4.19.191-g7c18269e227a
731 verbose node v22.14.0
732 verbose npm  v10.9.2
733 verbose exit 0
734 info ok
