0 verbose cli /data/data/com.termux/files/usr/bin/node /data/data/com.termux/files/usr/bin/npm
1 info using npm@10.9.2
2 info using node@v22.14.0
3 silly config load:file:/data/data/com.termux/files/usr/lib/node_modules/npm/npmrc
4 silly config load:file:/data/data/com.termux/files/home/minecraft-bot-afk/.npmrc
5 silly config load:file:/data/data/com.termux/files/home/.npmrc
6 silly config load:file:/data/data/com.termux/files/usr/etc/npmrc
7 verbose title npm install mineflayer
8 verbose argv "install" "mineflayer"
9 verbose logfile logs-max:10 dir:/data/data/com.termux/files/home/.npm/_logs/2025-03-29T22_01_23_813Z-
10 verbose logfile /data/data/com.termux/files/home/.npm/_logs/2025-03-29T22_01_23_813Z-debug-0.log
11 silly logfile done cleaning log files
12 silly packumentCache heap:1000341504 maxSize:250085376 maxEntrySize:125042688
13 silly idealTree buildDeps
14 silly fetch manifest mineflayer@*
15 silly packumentCache full:https://registry.npmjs.org/mineflayer cache-miss
16 http fetch GET 200 https://registry.npmjs.org/mineflayer 4871ms (cache miss)
17 silly packumentCache full:https://registry.npmjs.org/mineflayer set size:undefined disposed:false
18 silly placeDep ROOT mineflayer@4.27.0 OK for: minecraft-bot-afk@1.0.0 want: *
19 silly fetch manifest minecraft-data@^3.76.0
20 silly packumentCache full:https://registry.npmjs.org/minecraft-data cache-miss
21 silly fetch manifest minecraft-protocol@^1.51.0
22 silly packumentCache full:https://registry.npmjs.org/minecraft-protocol cache-miss
23 silly fetch manifest prismarine-biome@^1.1.1
24 silly packumentCache full:https://registry.npmjs.org/prismarine-biome cache-miss
25 silly fetch manifest prismarine-block@^1.17.0
26 silly packumentCache full:https://registry.npmjs.org/prismarine-block cache-miss
27 silly fetch manifest prismarine-chat@^1.7.1
28 silly packumentCache full:https://registry.npmjs.org/prismarine-chat cache-miss
29 silly fetch manifest prismarine-chunk@^1.36.0
30 silly packumentCache full:https://registry.npmjs.org/prismarine-chunk cache-miss
31 silly fetch manifest prismarine-entity@^2.5.0
32 silly packumentCache full:https://registry.npmjs.org/prismarine-entity cache-miss
33 http fetch GET 200 https://registry.npmjs.org/prismarine-biome 2635ms (cache miss)
34 silly packumentCache full:https://registry.npmjs.org/prismarine-biome set size:undefined disposed:false
35 silly fetch manifest prismarine-item@^1.15.0
36 silly packumentCache full:https://registry.npmjs.org/prismarine-item cache-miss
37 http fetch GET 200 https://registry.npmjs.org/prismarine-block 4303ms (cache miss)
38 silly packumentCache full:https://registry.npmjs.org/prismarine-block set size:undefined disposed:false
39 silly fetch manifest prismarine-nbt@^2.0.0
40 silly packumentCache full:https://registry.npmjs.org/prismarine-nbt cache-miss
41 http fetch GET 200 https://registry.npmjs.org/prismarine-chat 4373ms (cache miss)
42 silly packumentCache full:https://registry.npmjs.org/prismarine-chat set size:undefined disposed:false
43 silly fetch manifest prismarine-physics@^1.9.0
44 silly packumentCache full:https://registry.npmjs.org/prismarine-physics cache-miss
45 http fetch GET 200 https://registry.npmjs.org/prismarine-entity 5467ms (cache miss)
46 silly packumentCache full:https://registry.npmjs.org/prismarine-entity set size:undefined disposed:false
47 silly fetch manifest prismarine-recipe@^1.3.0
48 silly packumentCache full:https://registry.npmjs.org/prismarine-recipe cache-miss
49 http fetch GET 200 https://registry.npmjs.org/prismarine-chunk 5579ms (cache miss)
50 silly packumentCache full:https://registry.npmjs.org/prismarine-chunk set size:undefined disposed:false
51 silly fetch manifest prismarine-registry@^1.10.0
52 silly packumentCache full:https://registry.npmjs.org/prismarine-registry cache-miss
53 http fetch GET 200 https://registry.npmjs.org/prismarine-nbt 2332ms (cache miss)
54 silly packumentCache full:https://registry.npmjs.org/prismarine-nbt set size:undefined disposed:false
55 silly fetch manifest prismarine-windows@^2.9.0
56 silly packumentCache full:https://registry.npmjs.org/prismarine-windows cache-miss
57 http fetch GET 200 https://registry.npmjs.org/prismarine-physics 2355ms (cache miss)
58 silly packumentCache full:https://registry.npmjs.org/prismarine-physics set size:undefined disposed:false
59 silly fetch manifest prismarine-world@^3.6.0
60 silly packumentCache full:https://registry.npmjs.org/prismarine-world cache-miss
61 http fetch GET 200 https://registry.npmjs.org/prismarine-registry 1188ms (cache miss)
62 silly packumentCache full:https://registry.npmjs.org/prismarine-registry set size:undefined disposed:false
63 silly fetch manifest protodef@^1.18.0
64 silly packumentCache full:https://registry.npmjs.org/protodef cache-miss
65 http fetch GET 200 https://registry.npmjs.org/prismarine-windows 1805ms (cache miss)
66 silly packumentCache full:https://registry.npmjs.org/prismarine-windows set size:undefined disposed:false
67 silly fetch manifest typed-emitter@^1.0.0
68 silly packumentCache full:https://registry.npmjs.org/typed-emitter cache-miss
69 http fetch GET 200 https://registry.npmjs.org/minecraft-protocol 9283ms (cache miss)
70 silly packumentCache full:https://registry.npmjs.org/minecraft-protocol set size:undefined disposed:false
71 silly fetch manifest vec3@^0.1.7
72 silly packumentCache full:https://registry.npmjs.org/vec3 cache-miss
73 http fetch GET 200 https://registry.npmjs.org/typed-emitter 809ms (cache miss)
74 silly packumentCache full:https://registry.npmjs.org/typed-emitter set size:undefined disposed:false
75 http fetch GET 200 https://registry.npmjs.org/protodef 2718ms (cache miss)
76 silly packumentCache full:https://registry.npmjs.org/protodef set size:undefined disposed:false
77 http fetch GET 200 https://registry.npmjs.org/prismarine-item 7151ms (cache miss)
78 silly packumentCache full:https://registry.npmjs.org/prismarine-item set size:undefined disposed:false
79 http fetch GET 200 https://registry.npmjs.org/prismarine-world 4959ms (cache miss)
80 silly packumentCache full:https://registry.npmjs.org/prismarine-world set size:undefined disposed:false
81 http fetch GET 200 https://registry.npmjs.org/minecraft-data 14120ms (cache miss)
82 silly packumentCache full:https://registry.npmjs.org/minecraft-data set size:undefined disposed:false
83 http fetch GET 200 https://registry.npmjs.org/vec3 7435ms (cache miss)
84 silly packumentCache full:https://registry.npmjs.org/vec3 set size:undefined disposed:false
85 http fetch GET 200 https://registry.npmjs.org/prismarine-recipe 39571ms (cache miss)
86 silly packumentCache full:https://registry.npmjs.org/prismarine-recipe set size:undefined disposed:false
87 silly placeDep ROOT minecraft-data@3.85.0 OK for: mineflayer@4.27.0 want: ^3.76.0
88 silly placeDep ROOT minecraft-protocol@1.55.0 OK for: mineflayer@4.27.0 want: ^1.51.0
89 silly placeDep ROOT prismarine-biome@1.3.0 OK for: mineflayer@4.27.0 want: ^1.1.1
90 silly placeDep ROOT prismarine-registry@1.11.0 OK for: prismarine-biome@1.3.0 want: ^1.1.0
91 silly placeDep ROOT prismarine-block@1.21.0 OK for: mineflayer@4.27.0 want: ^1.17.0
92 silly placeDep ROOT prismarine-chat@1.11.0 OK for: mineflayer@4.27.0 want: ^1.7.1
93 silly placeDep ROOT prismarine-chunk@1.38.1 OK for: mineflayer@4.27.0 want: ^1.36.0
94 silly placeDep ROOT prismarine-entity@2.5.0 OK for: mineflayer@4.27.0 want: ^2.5.0
95 silly placeDep ROOT prismarine-item@1.16.0 OK for: mineflayer@4.27.0 want: ^1.15.0
96 silly placeDep ROOT prismarine-nbt@2.7.0 OK for: mineflayer@4.27.0 want: ^2.0.0
97 silly placeDep ROOT prismarine-physics@1.10.0 OK for: mineflayer@4.27.0 want: ^1.9.0
98 silly placeDep ROOT prismarine-recipe@1.3.1 OK for: mineflayer@4.27.0 want: ^1.3.0
99 silly placeDep ROOT prismarine-windows@2.9.0 OK for: mineflayer@4.27.0 want: ^2.9.0
100 silly placeDep ROOT prismarine-world@3.6.3 OK for: mineflayer@4.27.0 want: ^3.6.0
101 silly placeDep ROOT protodef@1.18.0 OK for: mineflayer@4.27.0 want: ^1.18.0
102 silly placeDep ROOT typed-emitter@1.4.0 OK for: mineflayer@4.27.0 want: ^1.0.0
103 silly placeDep ROOT vec3@0.1.10 OK for: mineflayer@4.27.0 want: ^0.1.7
104 silly fetch manifest @types/node-rsa@^1.1.4
105 silly packumentCache full:https://registry.npmjs.org/@types%2fnode-rsa cache-miss
106 silly fetch manifest @types/readable-stream@^4.0.0
107 silly packumentCache full:https://registry.npmjs.org/@types%2freadable-stream cache-miss
108 silly fetch manifest aes-js@^3.1.2
109 silly packumentCache full:https://registry.npmjs.org/aes-js cache-miss
110 silly fetch manifest buffer-equal@^1.0.0
111 silly packumentCache full:https://registry.npmjs.org/buffer-equal cache-miss
112 silly fetch manifest debug@^4.3.2
113 silly packumentCache full:https://registry.npmjs.org/debug cache-miss
114 silly fetch manifest endian-toggle@^0.0.0
115 silly packumentCache full:https://registry.npmjs.org/endian-toggle cache-miss
116 silly fetch manifest lodash.get@^4.1.2
117 silly packumentCache full:https://registry.npmjs.org/lodash.get cache-miss
118 http fetch GET 200 https://registry.npmjs.org/buffer-equal 419ms (cache miss)
119 silly packumentCache full:https://registry.npmjs.org/buffer-equal set size:undefined disposed:false
120 silly fetch manifest lodash.merge@^4.3.0
121 silly packumentCache full:https://registry.npmjs.org/lodash.merge cache-miss
122 http fetch GET 200 https://registry.npmjs.org/@types%2fnode-rsa 994ms (cache miss)
123 silly packumentCache full:https://registry.npmjs.org/@types%2fnode-rsa set size:undefined disposed:false
124 silly fetch manifest minecraft-folder-path@^1.2.0
125 silly packumentCache full:https://registry.npmjs.org/minecraft-folder-path cache-miss
126 http fetch GET 200 https://registry.npmjs.org/endian-toggle 1083ms (cache miss)
127 silly packumentCache full:https://registry.npmjs.org/endian-toggle set size:undefined disposed:false
128 silly fetch manifest node-fetch@^2.6.1
129 silly packumentCache full:https://registry.npmjs.org/node-fetch cache-miss
130 http fetch GET 200 https://registry.npmjs.org/@types%2freadable-stream 1761ms (cache miss)
131 silly packumentCache full:https://registry.npmjs.org/@types%2freadable-stream set size:undefined disposed:false
132 silly fetch manifest node-rsa@^0.4.2
133 silly packumentCache full:https://registry.npmjs.org/node-rsa cache-miss
134 http fetch GET 200 https://registry.npmjs.org/minecraft-folder-path 1125ms (cache miss)
135 silly packumentCache full:https://registry.npmjs.org/minecraft-folder-path set size:undefined disposed:false
136 silly fetch manifest prismarine-auth@^2.2.0
137 silly packumentCache full:https://registry.npmjs.org/prismarine-auth cache-miss
138 http fetch GET 200 https://registry.npmjs.org/prismarine-auth 1916ms (cache miss)
139 silly packumentCache full:https://registry.npmjs.org/prismarine-auth set size:undefined disposed:false
140 silly fetch manifest prismarine-chat@^1.10.0
141 silly packumentCache full:https://registry.npmjs.org/prismarine-chat cache-miss
142 http cache https://registry.npmjs.org/prismarine-chat 81ms (cache hit)
143 silly packumentCache full:https://registry.npmjs.org/prismarine-chat set size:83612 disposed:false
144 silly fetch manifest prismarine-nbt@^2.5.0
145 silly packumentCache full:https://registry.npmjs.org/prismarine-nbt cache-miss
146 http fetch GET 200 https://registry.npmjs.org/lodash.merge 3745ms (cache miss)
147 silly packumentCache full:https://registry.npmjs.org/lodash.merge set size:undefined disposed:false
148 silly fetch manifest prismarine-realms@^1.2.0
149 silly packumentCache full:https://registry.npmjs.org/prismarine-realms cache-miss
150 http cache https://registry.npmjs.org/prismarine-nbt 50ms (cache hit)
151 silly packumentCache full:https://registry.npmjs.org/prismarine-nbt set size:51928 disposed:false
152 silly fetch manifest protodef@^1.17.0
153 silly packumentCache full:https://registry.npmjs.org/protodef cache-miss
154 http cache https://registry.npmjs.org/protodef 17ms (cache hit)
155 silly packumentCache full:https://registry.npmjs.org/protodef set size:128086 disposed:false
156 silly fetch manifest readable-stream@^4.1.0
157 silly packumentCache full:https://registry.npmjs.org/readable-stream cache-miss
158 http fetch GET 200 https://registry.npmjs.org/aes-js 4532ms (cache miss)
159 silly packumentCache full:https://registry.npmjs.org/aes-js set size:undefined disposed:false
160 silly fetch manifest uuid-1345@^1.0.1
161 silly packumentCache full:https://registry.npmjs.org/uuid-1345 cache-miss
162 http fetch GET 200 https://registry.npmjs.org/prismarine-realms 1259ms (cache miss)
163 silly packumentCache full:https://registry.npmjs.org/prismarine-realms set size:undefined disposed:false
164 silly fetch manifest yggdrasil@^1.4.0
165 silly packumentCache full:https://registry.npmjs.org/yggdrasil cache-miss
166 http fetch GET 200 https://registry.npmjs.org/uuid-1345 1105ms (cache miss)
167 silly packumentCache full:https://registry.npmjs.org/uuid-1345 set size:undefined disposed:false
168 silly fetch manifest prismarine-block@^1.17.1
169 silly packumentCache full:https://registry.npmjs.org/prismarine-block cache-miss
170 http cache https://registry.npmjs.org/prismarine-block 42ms (cache hit)
171 silly packumentCache full:https://registry.npmjs.org/prismarine-block set size:87967 disposed:false
172 silly fetch manifest prismarine-chat@^1.5.0
173 silly packumentCache full:https://registry.npmjs.org/prismarine-chat cache-hit
174 silly fetch manifest prismarine-item@^1.10.1
175 silly packumentCache full:https://registry.npmjs.org/prismarine-item cache-miss
176 http cache https://registry.npmjs.org/prismarine-item 23ms (cache hit)
177 silly packumentCache full:https://registry.npmjs.org/prismarine-item set size:80038 disposed:false
178 silly fetch manifest mojangson@^2.0.1
179 silly packumentCache full:https://registry.npmjs.org/mojangson cache-miss
180 http fetch GET 200 https://registry.npmjs.org/node-rsa 4830ms (cache miss)
181 silly packumentCache full:https://registry.npmjs.org/node-rsa set size:undefined disposed:false
182 silly fetch manifest prismarine-nbt@^2.2.1
183 silly packumentCache full:https://registry.npmjs.org/prismarine-nbt cache-hit
184 silly fetch manifest smart-buffer@^4.1.0
185 silly packumentCache full:https://registry.npmjs.org/smart-buffer cache-miss
186 http fetch GET 200 https://registry.npmjs.org/readable-stream 2427ms (cache miss)
187 silly packumentCache full:https://registry.npmjs.org/readable-stream set size:undefined disposed:false
188 silly fetch manifest uint4@^0.1.2
189 silly packumentCache full:https://registry.npmjs.org/uint4 cache-miss
190 http fetch GET 200 https://registry.npmjs.org/uint4 339ms (cache miss)
191 silly packumentCache full:https://registry.npmjs.org/uint4 set size:undefined disposed:false
192 silly fetch manifest vec3@^0.1.3
193 silly packumentCache full:https://registry.npmjs.org/vec3 cache-miss
194 http cache https://registry.npmjs.org/vec3 21ms (cache hit)
195 silly packumentCache full:https://registry.npmjs.org/vec3 set size:38570 disposed:false
196 silly fetch manifest xxhash-wasm@^0.4.2
197 silly packumentCache full:https://registry.npmjs.org/xxhash-wasm cache-miss
198 http fetch GET 200 https://registry.npmjs.org/yggdrasil 1844ms (cache miss)
199 silly packumentCache full:https://registry.npmjs.org/yggdrasil set size:undefined disposed:false
200 silly fetch manifest prismarine-item@^1.11.2
201 silly packumentCache full:https://registry.npmjs.org/prismarine-item cache-hit
202 silly fetch manifest vec3@^0.1.4
203 silly packumentCache full:https://registry.npmjs.org/vec3 cache-hit
204 silly fetch manifest typed-emitter@^2.1.0
205 silly packumentCache full:https://registry.npmjs.org/typed-emitter cache-miss
206 http cache https://registry.npmjs.org/typed-emitter 22ms (cache hit)
207 silly packumentCache full:https://registry.npmjs.org/typed-emitter set size:35233 disposed:false
208 silly fetch manifest lodash.get@^4.4.2
209 silly packumentCache full:https://registry.npmjs.org/lodash.get cache-miss
210 http fetch GET 200 https://registry.npmjs.org/lodash.get 601ms (cache miss)
211 silly packumentCache full:https://registry.npmjs.org/lodash.get set size:undefined disposed:false
212 silly fetch manifest lodash.reduce@^4.6.0
213 silly packumentCache full:https://registry.npmjs.org/lodash.reduce cache-miss
214 http fetch GET 200 https://registry.npmjs.org/xxhash-wasm 940ms (cache miss)
215 silly packumentCache full:https://registry.npmjs.org/xxhash-wasm set size:undefined disposed:false
216 silly fetch manifest protodef-validator@^1.3.0
217 silly packumentCache full:https://registry.npmjs.org/protodef-validator cache-miss
218 http fetch GET 200 https://registry.npmjs.org/node-fetch 6962ms (cache miss)
219 silly packumentCache full:https://registry.npmjs.org/node-fetch set size:undefined disposed:false
220 silly fetch manifest readable-stream@^4.4.0
221 silly packumentCache full:https://registry.npmjs.org/readable-stream cache-miss
222 http cache https://registry.npmjs.org/readable-stream 17ms (cache hit)
223 silly packumentCache full:https://registry.npmjs.org/readable-stream set size:261096 disposed:false
224 http fetch GET 200 https://registry.npmjs.org/lodash.get 8296ms (cache miss)
225 silly packumentCache full:https://registry.npmjs.org/lodash.get set size:undefined disposed:false
226 http fetch GET 200 https://registry.npmjs.org/protodef-validator 885ms (cache miss)
227 silly packumentCache full:https://registry.npmjs.org/protodef-validator set size:undefined disposed:false
228 http fetch GET 200 https://registry.npmjs.org/lodash.reduce 6748ms (cache miss)
229 silly packumentCache full:https://registry.npmjs.org/lodash.reduce set size:undefined disposed:false
230 http fetch GET 200 https://registry.npmjs.org/smart-buffer 15284ms (cache miss)
231 silly packumentCache full:https://registry.npmjs.org/smart-buffer set size:undefined disposed:false
232 http fetch GET 200 https://registry.npmjs.org/mojangson 42527ms (cache miss)
233 silly packumentCache full:https://registry.npmjs.org/mojangson set size:undefined disposed:false
234 silly fetch manifest debug@^4.3.2
235 silly packumentCache full:https://registry.npmjs.org/debug cache-miss
236 http fetch GET 200 https://registry.npmjs.org/debug 17526ms (cache miss)
237 silly packumentCache full:https://registry.npmjs.org/debug set size:undefined disposed:false
238 silly fetch manifest encoding@^0.1.0
239 silly packumentCache full:https://registry.npmjs.org/encoding cache-miss
240 http fetch GET 200 https://registry.npmjs.org/encoding 523ms (cache miss)
241 silly packumentCache full:https://registry.npmjs.org/encoding set size:undefined disposed:false
242 silly placeDep ROOT @types/node-rsa@1.1.4 OK for: minecraft-protocol@1.55.0 want: ^1.1.4
243 silly placeDep ROOT @types/readable-stream@4.0.18 OK for: minecraft-protocol@1.55.0 want: ^4.0.0
244 silly placeDep ROOT aes-js@3.1.2 OK for: minecraft-protocol@1.55.0 want: ^3.1.2
245 silly placeDep ROOT buffer-equal@1.0.1 OK for: minecraft-protocol@1.55.0 want: ^1.0.0
246 silly placeDep ROOT debug@4.4.0 OK for: minecraft-protocol@1.55.0 want: ^4.3.2
247 silly placeDep ROOT endian-toggle@0.0.0 OK for: minecraft-protocol@1.55.0 want: ^0.0.0
248 silly placeDep ROOT lodash.get@4.4.2 OK for: minecraft-protocol@1.55.0 want: ^4.1.2
249 silly placeDep ROOT lodash.merge@4.6.2 OK for: minecraft-protocol@1.55.0 want: ^4.3.0
250 silly placeDep ROOT minecraft-folder-path@1.2.0 OK for: minecraft-protocol@1.55.0 want: ^1.2.0
251 silly placeDep ROOT node-fetch@2.7.0 OK for: minecraft-protocol@1.55.0 want: ^2.6.1
252 silly placeDep ROOT node-rsa@0.4.2 OK for: minecraft-protocol@1.55.0 want: ^0.4.2
253 silly placeDep ROOT prismarine-auth@2.7.0 OK for: minecraft-protocol@1.55.0 want: ^2.2.0
254 silly placeDep ROOT prismarine-realms@1.3.2 OK for: minecraft-protocol@1.55.0 want: ^1.2.0
255 silly placeDep ROOT readable-stream@4.7.0 OK for: minecraft-protocol@1.55.0 want: ^4.1.0
256 silly placeDep ROOT uuid-1345@1.0.2 OK for: minecraft-protocol@1.55.0 want: ^1.0.1
257 silly placeDep ROOT yggdrasil@1.7.0 OK for: minecraft-protocol@1.55.0 want: ^1.4.0
258 silly fetch manifest @types/node@*
259 silly packumentCache full:https://registry.npmjs.org/@types%2fnode cache-miss
260 silly fetch manifest @types/node@*
261 silly packumentCache full:https://registry.npmjs.org/@types%2fnode cache-miss
262 silly fetch manifest safe-buffer@~5.1.1
263 silly packumentCache full:https://registry.npmjs.org/safe-buffer cache-miss
264 silly fetch manifest ms@^2.1.3
265 silly packumentCache full:https://registry.npmjs.org/ms cache-miss
266 silly fetch manifest whatwg-url@^5.0.0
267 silly packumentCache full:https://registry.npmjs.org/whatwg-url cache-miss
268 silly fetch manifest asn1@0.2.3
269 silly packumentCache full:https://registry.npmjs.org/asn1 cache-miss
270 silly fetch manifest @azure/msal-node@^2.0.2
271 silly packumentCache full:https://registry.npmjs.org/@azure%2fmsal-node cache-miss
272 http fetch GET 200 https://registry.npmjs.org/asn1 168ms (cache miss)
273 silly packumentCache full:https://registry.npmjs.org/asn1 set size:undefined disposed:false
274 silly fetch manifest @xboxreplay/xboxlive-auth@^3.3.3
275 silly packumentCache full:https://registry.npmjs.org/@xboxreplay%2fxboxlive-auth cache-miss
276 http fetch GET 200 https://registry.npmjs.org/safe-buffer 3437ms (cache miss)
277 silly packumentCache full:https://registry.npmjs.org/safe-buffer set size:undefined disposed:false
278 silly fetch manifest uuid-1345@^1.0.2
279 silly packumentCache full:https://registry.npmjs.org/uuid-1345 cache-miss
280 http fetch GET 200 https://registry.npmjs.org/whatwg-url 4107ms (cache miss)
281 silly packumentCache full:https://registry.npmjs.org/whatwg-url set size:undefined disposed:false
282 silly fetch manifest abort-controller@^3.0.0
283 silly packumentCache full:https://registry.npmjs.org/abort-controller cache-miss
284 http fetch GET 200 https://registry.npmjs.org/ms 4477ms (cache miss)
285 silly packumentCache full:https://registry.npmjs.org/ms set size:undefined disposed:false
286 silly fetch manifest buffer@^6.0.3
287 silly packumentCache full:https://registry.npmjs.org/buffer cache-miss
288 silly fetch manifest events@^3.3.0
289 silly packumentCache full:https://registry.npmjs.org/events cache-miss
290 http fetch GET https://registry.npmjs.org/uuid-1345 attempt 1 failed with ETIMEDOUT
291 silly fetch manifest process@^0.11.10
292 silly packumentCache full:https://registry.npmjs.org/process cache-miss
293 silly fetch manifest string_decoder@^1.3.0
294 silly packumentCache full:https://registry.npmjs.org/string_decoder cache-miss
295 http fetch GET https://registry.npmjs.org/@azure%2fmsal-node attempt 1 failed with ETIMEDOUT
296 http fetch GET 200 https://registry.npmjs.org/process 21758ms (cache miss)
297 silly packumentCache full:https://registry.npmjs.org/process set size:undefined disposed:false
298 silly fetch manifest macaddress@^0.5.1
299 silly packumentCache full:https://registry.npmjs.org/macaddress cache-miss
300 http fetch GET 200 https://registry.npmjs.org/macaddress 317ms (cache miss)
301 silly packumentCache full:https://registry.npmjs.org/macaddress set size:undefined disposed:false
302 silly fetch manifest uuid@^8.2.0
303 silly packumentCache full:https://registry.npmjs.org/uuid cache-miss
304 http fetch GET 200 https://registry.npmjs.org/uuid-1345 40442ms attempt #2 (cache updated)
305 silly packumentCache full:https://registry.npmjs.org/uuid-1345 set size:undefined disposed:false
306 http fetch GET 200 https://registry.npmjs.org/@azure%2fmsal-node 47054ms attempt #2 (cache miss)
307 silly packumentCache full:https://registry.npmjs.org/@azure%2fmsal-node set size:undefined disposed:false
308 http fetch GET https://registry.npmjs.org/events attempt 1 failed with ETIMEDOUT
309 http fetch GET https://registry.npmjs.org/string_decoder attempt 1 failed with ETIMEDOUT
310 http fetch GET 200 https://registry.npmjs.org/events 44877ms attempt #2 (cache miss)
311 silly packumentCache full:https://registry.npmjs.org/events set size:undefined disposed:false
312 http fetch GET 200 https://registry.npmjs.org/string_decoder 44633ms attempt #2 (cache miss)
313 silly packumentCache full:https://registry.npmjs.org/string_decoder set size:undefined disposed:false
314 http fetch GET https://registry.npmjs.org/buffer attempt 1 failed with ECONNABORTED
315 http fetch GET https://registry.npmjs.org/abort-controller attempt 1 failed with ECONNABORTED
316 http fetch GET https://registry.npmjs.org/buffer attempt 2 failed with ECONNRESET
317 http fetch GET https://registry.npmjs.org/abort-controller attempt 2 failed with ECONNRESET
318 http fetch GET https://registry.npmjs.org/abort-controller attempt 3 failed with ECONNRESET
319 http fetch GET https://registry.npmjs.org/buffer attempt 3 failed with ECONNRESET
320 silly fetch manifest @types/node@*
321 silly packumentCache full:https://registry.npmjs.org/@types%2fnode cache-miss
322 http fetch GET https://registry.npmjs.org/@types%2fnode attempt 1 failed with ECONNRESET
323 http fetch GET 200 https://registry.npmjs.org/@types%2fnode 56963ms attempt #2 (cache miss)
324 silly packumentCache full:https://registry.npmjs.org/@types%2fnode set size:undefined disposed:false
325 silly placeDep ROOT @types/node@22.13.14 OK for: @types/node-rsa@1.1.4 want: *
326 silly fetch manifest undici-types@~6.20.0
327 silly packumentCache full:https://registry.npmjs.org/undici-types cache-miss
328 http fetch GET 200 https://registry.npmjs.org/undici-types 1004ms (cache miss)
329 silly packumentCache full:https://registry.npmjs.org/undici-types set size:undefined disposed:false
330 silly placeDep ROOT undici-types@6.20.0 OK for: @types/node@22.13.14 want: ~6.20.0
331 silly placeDep ROOT safe-buffer@5.1.2 OK for: @types/readable-stream@4.0.18 want: ~5.1.1
332 silly placeDep ROOT ms@2.1.3 OK for: debug@4.4.0 want: ^2.1.3
333 silly placeDep ROOT whatwg-url@5.0.0 OK for: node-fetch@2.7.0 want: ^5.0.0
334 silly fetch manifest tr46@~0.0.3
335 silly packumentCache full:https://registry.npmjs.org/tr46 cache-miss
336 silly fetch manifest webidl-conversions@^3.0.0
337 silly packumentCache full:https://registry.npmjs.org/webidl-conversions cache-miss
338 http fetch GET 200 https://registry.npmjs.org/webidl-conversions 1079ms (cache miss)
339 silly packumentCache full:https://registry.npmjs.org/webidl-conversions set size:undefined disposed:false
340 http fetch GET 200 https://registry.npmjs.org/tr46 1108ms (cache miss)
341 silly packumentCache full:https://registry.npmjs.org/tr46 set size:undefined disposed:false
342 silly placeDep ROOT asn1@0.2.3 OK for: node-rsa@0.4.2 want: 0.2.3
343 silly fetch manifest @xboxreplay/xboxlive-auth@^3.3.3
344 silly packumentCache full:https://registry.npmjs.org/@xboxreplay%2fxboxlive-auth cache-miss
345 http fetch GET 200 https://registry.npmjs.org/@xboxreplay%2fxboxlive-auth 1831ms (cache miss)
346 silly packumentCache full:https://registry.npmjs.org/@xboxreplay%2fxboxlive-auth set size:undefined disposed:false
347 silly placeDep ROOT @azure/msal-node@2.16.2 OK for: prismarine-auth@2.7.0 want: ^2.0.2
348 silly placeDep ROOT @xboxreplay/xboxlive-auth@3.3.3 OK for: prismarine-auth@2.7.0 want: ^3.3.3
349 silly placeDep ROOT smart-buffer@4.2.0 OK for: prismarine-auth@2.7.0 want: ^4.1.0
350 silly fetch manifest uuid@^8.3.0
351 silly packumentCache full:https://registry.npmjs.org/uuid cache-miss
352 silly fetch manifest jsonwebtoken@^9.0.0
353 silly packumentCache full:https://registry.npmjs.org/jsonwebtoken cache-miss
354 silly fetch manifest @azure/msal-common@14.16.0
355 silly packumentCache full:https://registry.npmjs.org/@azure%2fmsal-common cache-miss
356 silly fetch manifest axios@^0.21.1
357 silly packumentCache full:https://registry.npmjs.org/axios cache-miss
358 silly fetch manifest @xboxreplay/errors@^0.1.0
359 silly packumentCache full:https://registry.npmjs.org/@xboxreplay%2ferrors cache-miss
360 http fetch GET 200 https://registry.npmjs.org/@xboxreplay%2ferrors 1241ms (cache miss)
361 silly packumentCache full:https://registry.npmjs.org/@xboxreplay%2ferrors set size:undefined disposed:false
362 http fetch GET 200 https://registry.npmjs.org/jsonwebtoken 3545ms (cache miss)
363 silly packumentCache full:https://registry.npmjs.org/jsonwebtoken set size:undefined disposed:false
364 http fetch GET 200 https://registry.npmjs.org/uuid 4220ms (cache miss)
365 silly packumentCache full:https://registry.npmjs.org/uuid set size:undefined disposed:false
366 http fetch GET 200 https://registry.npmjs.org/@azure%2fmsal-common 6249ms (cache miss)
367 silly packumentCache full:https://registry.npmjs.org/@azure%2fmsal-common set size:undefined disposed:false
368 http fetch GET 200 https://registry.npmjs.org/axios 6276ms (cache miss)
369 silly packumentCache full:https://registry.npmjs.org/axios set size:undefined disposed:false
370 silly placeDep ROOT @azure/msal-common@14.16.0 OK for: @azure/msal-node@2.16.2 want: 14.16.0
371 silly placeDep ROOT jsonwebtoken@9.0.2 OK for: @azure/msal-node@2.16.2 want: ^9.0.0
372 silly placeDep ROOT uuid@8.3.2 OK for: @azure/msal-node@2.16.2 want: ^8.3.0
373 silly fetch manifest jws@^3.2.2
374 silly packumentCache full:https://registry.npmjs.org/jws cache-miss
375 silly fetch manifest semver@^7.5.4
376 silly packumentCache full:https://registry.npmjs.org/semver cache-miss
377 silly fetch manifest lodash.once@^4.0.0
378 silly packumentCache full:https://registry.npmjs.org/lodash.once cache-miss
379 silly fetch manifest lodash.includes@^4.3.0
380 silly packumentCache full:https://registry.npmjs.org/lodash.includes cache-miss
381 silly fetch manifest lodash.isnumber@^3.0.3
382 silly packumentCache full:https://registry.npmjs.org/lodash.isnumber cache-miss
383 silly fetch manifest lodash.isstring@^4.0.1
384 silly packumentCache full:https://registry.npmjs.org/lodash.isstring cache-miss
385 silly fetch manifest lodash.isboolean@^3.0.3
386 silly packumentCache full:https://registry.npmjs.org/lodash.isboolean cache-miss
387 http fetch GET 200 https://registry.npmjs.org/lodash.includes 894ms (cache miss)
388 silly packumentCache full:https://registry.npmjs.org/lodash.includes set size:undefined disposed:false
389 silly fetch manifest lodash.isinteger@^4.0.4
390 silly packumentCache full:https://registry.npmjs.org/lodash.isinteger cache-miss
391 http fetch GET 200 https://registry.npmjs.org/lodash.isstring 915ms (cache miss)
392 silly packumentCache full:https://registry.npmjs.org/lodash.isstring set size:undefined disposed:false
393 silly fetch manifest lodash.isplainobject@^4.0.6
394 silly packumentCache full:https://registry.npmjs.org/lodash.isplainobject cache-miss
395 http fetch GET 200 https://registry.npmjs.org/lodash.isnumber 981ms (cache miss)
396 silly packumentCache full:https://registry.npmjs.org/lodash.isnumber set size:undefined disposed:false
397 http fetch GET 200 https://registry.npmjs.org/lodash.isinteger 616ms (cache miss)
398 silly packumentCache full:https://registry.npmjs.org/lodash.isinteger set size:undefined disposed:false
399 http fetch GET 200 https://registry.npmjs.org/jws 1750ms (cache miss)
400 silly packumentCache full:https://registry.npmjs.org/jws set size:undefined disposed:false
401 http fetch GET 200 https://registry.npmjs.org/lodash.isboolean 1784ms (cache miss)
402 silly packumentCache full:https://registry.npmjs.org/lodash.isboolean set size:undefined disposed:false
403 http fetch GET 200 https://registry.npmjs.org/lodash.once 1795ms (cache miss)
404 silly packumentCache full:https://registry.npmjs.org/lodash.once set size:undefined disposed:false
405 http fetch GET 200 https://registry.npmjs.org/lodash.isplainobject 887ms (cache miss)
406 silly packumentCache full:https://registry.npmjs.org/lodash.isplainobject set size:undefined disposed:false
407 http fetch GET 200 https://registry.npmjs.org/semver 10164ms (cache miss)
408 silly packumentCache full:https://registry.npmjs.org/semver set size:undefined disposed:false
409 silly placeDep ROOT @xboxreplay/errors@0.1.0 OK for: @xboxreplay/xboxlive-auth@3.3.3 want: ^0.1.0
410 silly placeDep ROOT axios@0.21.4 OK for: @xboxreplay/xboxlive-auth@3.3.3 want: ^0.21.1
411 silly fetch manifest follow-redirects@^1.14.0
412 silly packumentCache full:https://registry.npmjs.org/follow-redirects cache-miss
413 http fetch GET 200 https://registry.npmjs.org/follow-redirects 1715ms (cache miss)
414 silly packumentCache full:https://registry.npmjs.org/follow-redirects set size:undefined disposed:false
415 silly placeDep ROOT follow-redirects@1.15.9 OK for: axios@0.21.4 want: ^1.14.0
416 silly placeDep ROOT jws@3.2.2 OK for: jsonwebtoken@9.0.2 want: ^3.2.2
417 silly placeDep ROOT lodash.includes@4.3.0 OK for: jsonwebtoken@9.0.2 want: ^4.3.0
418 silly placeDep ROOT lodash.isboolean@3.0.3 OK for: jsonwebtoken@9.0.2 want: ^3.0.3
419 silly placeDep ROOT lodash.isinteger@4.0.4 OK for: jsonwebtoken@9.0.2 want: ^4.0.4
420 silly placeDep ROOT lodash.isnumber@3.0.3 OK for: jsonwebtoken@9.0.2 want: ^3.0.3
421 silly placeDep ROOT lodash.isplainobject@4.0.6 OK for: jsonwebtoken@9.0.2 want: ^4.0.6
422 silly placeDep ROOT lodash.isstring@4.0.1 OK for: jsonwebtoken@9.0.2 want: ^4.0.1
423 silly placeDep ROOT lodash.once@4.1.1 OK for: jsonwebtoken@9.0.2 want: ^4.0.0
424 silly placeDep ROOT semver@7.7.1 OK for: jsonwebtoken@9.0.2 want: ^7.5.4
425 silly fetch manifest jwa@^1.4.1
426 silly packumentCache full:https://registry.npmjs.org/jwa cache-miss
427 http fetch GET 200 https://registry.npmjs.org/jwa 588ms (cache miss)
428 silly packumentCache full:https://registry.npmjs.org/jwa set size:undefined disposed:false
429 silly placeDep ROOT jwa@1.4.1 OK for: jws@3.2.2 want: ^1.4.1
430 silly fetch manifest buffer-equal-constant-time@1.0.1
431 silly packumentCache full:https://registry.npmjs.org/buffer-equal-constant-time cache-miss
432 silly fetch manifest ecdsa-sig-formatter@1.0.11
433 silly packumentCache full:https://registry.npmjs.org/ecdsa-sig-formatter cache-miss
434 http fetch GET 200 https://registry.npmjs.org/buffer-equal-constant-time 341ms (cache miss)
435 silly packumentCache full:https://registry.npmjs.org/buffer-equal-constant-time set size:undefined disposed:false
436 http fetch GET 200 https://registry.npmjs.org/ecdsa-sig-formatter 369ms (cache miss)
437 silly packumentCache full:https://registry.npmjs.org/ecdsa-sig-formatter set size:undefined disposed:false
438 silly placeDep ROOT buffer-equal-constant-time@1.0.1 OK for: jwa@1.4.1 want: 1.0.1
439 silly placeDep ROOT ecdsa-sig-formatter@1.0.11 OK for: jwa@1.4.1 want: 1.0.11
440 silly placeDep ROOT mojangson@2.0.4 OK for: prismarine-chat@1.11.0 want: ^2.0.1
441 silly fetch manifest nearley@^2.19.5
442 silly packumentCache full:https://registry.npmjs.org/nearley cache-miss
443 http fetch GET 200 https://registry.npmjs.org/nearley 1579ms (cache miss)
444 silly packumentCache full:https://registry.npmjs.org/nearley set size:undefined disposed:false
445 silly placeDep ROOT nearley@2.20.1 OK for: mojangson@2.0.4 want: ^2.19.5
446 silly fetch manifest commander@^2.19.0
447 silly packumentCache full:https://registry.npmjs.org/commander cache-miss
448 silly fetch manifest moo@^0.5.0
449 silly packumentCache full:https://registry.npmjs.org/moo cache-miss
450 silly fetch manifest railroad-diagrams@^1.0.0
451 silly packumentCache full:https://registry.npmjs.org/railroad-diagrams cache-miss
452 silly fetch manifest randexp@0.4.6
453 silly packumentCache full:https://registry.npmjs.org/randexp cache-miss
454 http fetch GET 200 https://registry.npmjs.org/railroad-diagrams 599ms (cache miss)
455 silly packumentCache full:https://registry.npmjs.org/railroad-diagrams set size:undefined disposed:false
456 http fetch GET 200 https://registry.npmjs.org/moo 938ms (cache miss)
457 silly packumentCache full:https://registry.npmjs.org/moo set size:undefined disposed:false
458 http fetch GET 200 https://registry.npmjs.org/randexp 1027ms (cache miss)
459 silly packumentCache full:https://registry.npmjs.org/randexp set size:undefined disposed:false
460 http fetch GET 200 https://registry.npmjs.org/commander 3350ms (cache miss)
461 silly packumentCache full:https://registry.npmjs.org/commander set size:undefined disposed:false
462 silly placeDep ROOT commander@2.20.3 OK for: nearley@2.20.1 want: ^2.19.0
463 silly placeDep ROOT moo@0.5.2 OK for: nearley@2.20.1 want: ^0.5.0
464 silly placeDep ROOT railroad-diagrams@1.0.0 OK for: nearley@2.20.1 want: ^1.0.0
465 silly placeDep ROOT randexp@0.4.6 OK for: nearley@2.20.1 want: 0.4.6
466 silly fetch manifest discontinuous-range@1.0.0
467 silly packumentCache full:https://registry.npmjs.org/discontinuous-range cache-miss
468 silly fetch manifest ret@~0.1.10
469 silly packumentCache full:https://registry.npmjs.org/ret cache-miss
470 http fetch GET 200 https://registry.npmjs.org/discontinuous-range 282ms (cache miss)
471 silly packumentCache full:https://registry.npmjs.org/discontinuous-range set size:undefined disposed:false
472 http fetch GET 200 https://registry.npmjs.org/ret 315ms (cache miss)
473 silly packumentCache full:https://registry.npmjs.org/ret set size:undefined disposed:false
474 silly placeDep ROOT uint4@0.1.2 OK for: prismarine-chunk@1.38.1 want: ^0.1.2
475 silly placeDep ROOT xxhash-wasm@0.4.2 OK for: prismarine-chunk@1.38.1 want: ^0.4.2
476 silly placeDep node_modules/prismarine-windows typed-emitter@2.1.0 OK for: prismarine-windows@2.9.0 want: ^2.1.0
477 silly fetch manifest rxjs@*
478 silly packumentCache full:https://registry.npmjs.org/rxjs cache-miss
479 http fetch GET 200 https://registry.npmjs.org/rxjs 2042ms (cache miss)
480 silly packumentCache full:https://registry.npmjs.org/rxjs set size:undefined disposed:false
481 silly placeDep ROOT lodash.reduce@4.6.0 OK for: protodef@1.18.0 want: ^4.6.0
482 silly placeDep ROOT protodef-validator@1.4.0 OK for: protodef@1.18.0 want: ^1.3.0
483 silly fetch manifest ajv@^6.5.4
484 silly packumentCache full:https://registry.npmjs.org/ajv cache-miss
485 http fetch GET 200 https://registry.npmjs.org/ajv 2751ms (cache miss)
486 silly packumentCache full:https://registry.npmjs.org/ajv set size:undefined disposed:false
487 silly placeDep ROOT ajv@6.12.6 OK for: protodef-validator@1.4.0 want: ^6.5.4
488 silly fetch manifest uri-js@^4.2.2
489 silly packumentCache full:https://registry.npmjs.org/uri-js cache-miss
490 silly fetch manifest fast-deep-equal@^3.1.1
491 silly packumentCache full:https://registry.npmjs.org/fast-deep-equal cache-miss
492 silly fetch manifest json-schema-traverse@^0.4.1
493 silly packumentCache full:https://registry.npmjs.org/json-schema-traverse cache-miss
494 silly fetch manifest fast-json-stable-stringify@^2.0.0
495 silly packumentCache full:https://registry.npmjs.org/fast-json-stable-stringify cache-miss
496 http fetch GET 200 https://registry.npmjs.org/fast-json-stable-stringify 493ms (cache miss)
497 silly packumentCache full:https://registry.npmjs.org/fast-json-stable-stringify set size:undefined disposed:false
498 http fetch GET 200 https://registry.npmjs.org/json-schema-traverse 557ms (cache miss)
499 silly packumentCache full:https://registry.npmjs.org/json-schema-traverse set size:undefined disposed:false
500 http fetch GET 200 https://registry.npmjs.org/fast-deep-equal 682ms (cache miss)
501 silly packumentCache full:https://registry.npmjs.org/fast-deep-equal set size:undefined disposed:false
502 http fetch GET 200 https://registry.npmjs.org/uri-js 1081ms (cache miss)
503 silly packumentCache full:https://registry.npmjs.org/uri-js set size:undefined disposed:false
504 silly placeDep ROOT fast-deep-equal@3.1.3 OK for: ajv@6.12.6 want: ^3.1.1
505 silly placeDep ROOT fast-json-stable-stringify@2.1.0 OK for: ajv@6.12.6 want: ^2.0.0
506 silly placeDep ROOT json-schema-traverse@0.4.1 OK for: ajv@6.12.6 want: ^0.4.1
507 silly placeDep ROOT uri-js@4.4.1 OK for: ajv@6.12.6 want: ^4.2.2
508 silly fetch manifest punycode@^2.1.0
509 silly packumentCache full:https://registry.npmjs.org/punycode cache-miss
510 http fetch GET 200 https://registry.npmjs.org/punycode 228ms (cache miss)
511 silly packumentCache full:https://registry.npmjs.org/punycode set size:undefined disposed:false
512 silly placeDep ROOT discontinuous-range@1.0.0 OK for: randexp@0.4.6 want: 1.0.0
513 silly placeDep ROOT ret@0.1.15 OK for: randexp@0.4.6 want: ~0.1.10
514 silly fetch manifest abort-controller@^3.0.0
515 silly packumentCache full:https://registry.npmjs.org/abort-controller cache-miss
516 http fetch GET 200 https://registry.npmjs.org/abort-controller 224ms (cache miss)
517 silly packumentCache full:https://registry.npmjs.org/abort-controller set size:undefined disposed:false
518 silly fetch manifest buffer@^6.0.3
519 silly packumentCache full:https://registry.npmjs.org/buffer cache-miss
520 http fetch GET 200 https://registry.npmjs.org/buffer 843ms (cache miss)
521 silly packumentCache full:https://registry.npmjs.org/buffer set size:undefined disposed:false
522 silly placeDep ROOT abort-controller@3.0.0 OK for: readable-stream@4.7.0 want: ^3.0.0
523 silly placeDep ROOT buffer@6.0.3 OK for: readable-stream@4.7.0 want: ^6.0.3
524 silly placeDep ROOT events@3.3.0 OK for: readable-stream@4.7.0 want: ^3.3.0
525 silly placeDep ROOT process@0.11.10 OK for: readable-stream@4.7.0 want: ^0.11.10
526 silly placeDep ROOT string_decoder@1.3.0 OK for: readable-stream@4.7.0 want: ^1.3.0
527 silly fetch manifest event-target-shim@^5.0.0
528 silly packumentCache full:https://registry.npmjs.org/event-target-shim cache-miss
529 silly fetch manifest base64-js@^1.3.1
530 silly packumentCache full:https://registry.npmjs.org/base64-js cache-miss
531 silly fetch manifest ieee754@^1.2.1
532 silly packumentCache full:https://registry.npmjs.org/ieee754 cache-miss
533 silly fetch manifest safe-buffer@~5.2.0
534 silly packumentCache full:https://registry.npmjs.org/safe-buffer cache-miss
535 http cache https://registry.npmjs.org/safe-buffer 40ms (cache hit)
536 silly packumentCache full:https://registry.npmjs.org/safe-buffer set size:41183 disposed:false
537 http fetch GET 200 https://registry.npmjs.org/base64-js 567ms (cache miss)
538 silly packumentCache full:https://registry.npmjs.org/base64-js set size:undefined disposed:false
539 http fetch GET 200 https://registry.npmjs.org/event-target-shim 705ms (cache miss)
540 silly packumentCache full:https://registry.npmjs.org/event-target-shim set size:undefined disposed:false
541 http fetch GET 200 https://registry.npmjs.org/ieee754 3307ms (cache miss)
542 silly packumentCache full:https://registry.npmjs.org/ieee754 set size:undefined disposed:false
543 silly placeDep ROOT event-target-shim@5.0.1 OK for: abort-controller@3.0.0 want: ^5.0.0
544 silly placeDep ROOT base64-js@1.5.1 OK for: buffer@6.0.3 want: ^1.3.1
545 silly placeDep ROOT ieee754@1.2.1 OK for: buffer@6.0.3 want: ^1.2.1
546 silly placeDep node_modules/string_decoder safe-buffer@5.2.1 OK for: string_decoder@1.3.0 want: ~5.2.0
547 silly placeDep ROOT punycode@2.3.1 OK for: uri-js@4.4.1 want: ^2.1.0
548 silly placeDep ROOT macaddress@0.5.3 OK for: uuid-1345@1.0.2 want: ^0.5.1
549 silly placeDep ROOT tr46@0.0.3 OK for: whatwg-url@5.0.0 want: ~0.0.3
550 silly placeDep ROOT webidl-conversions@3.0.1 OK for: whatwg-url@5.0.0 want: ^3.0.0
551 silly placeDep ROOT rxjs@7.8.2 OK for: typed-emitter@2.1.0 want: *
552 silly fetch manifest tslib@^2.1.0
553 silly packumentCache full:https://registry.npmjs.org/tslib cache-miss
554 http fetch GET 200 https://registry.npmjs.org/tslib 1774ms (cache miss)
555 silly packumentCache full:https://registry.npmjs.org/tslib set size:undefined disposed:false
556 silly placeDep ROOT tslib@2.8.1 OK for: rxjs@7.8.2 want: ^2.1.0
557 silly reify moves {}
558 silly audit bulk request {
558 silly audit   mineflayer: [ '4.27.0' ],
558 silly audit   'minecraft-data': [ '3.85.0' ],
558 silly audit   'minecraft-protocol': [ '1.55.0' ],
558 silly audit   'prismarine-biome': [ '1.3.0' ],
558 silly audit   'prismarine-registry': [ '1.11.0' ],
558 silly audit   'prismarine-block': [ '1.21.0' ],
558 silly audit   'prismarine-chat': [ '1.11.0' ],
558 silly audit   'prismarine-chunk': [ '1.38.1' ],
558 silly audit   'prismarine-entity': [ '2.5.0' ],
558 silly audit   'prismarine-item': [ '1.16.0' ],
558 silly audit   'prismarine-nbt': [ '2.7.0' ],
558 silly audit   'prismarine-physics': [ '1.10.0' ],
558 silly audit   'prismarine-recipe': [ '1.3.1' ],
558 silly audit   'prismarine-windows': [ '2.9.0' ],
558 silly audit   'prismarine-world': [ '3.6.3' ],
558 silly audit   protodef: [ '1.18.0' ],
558 silly audit   'typed-emitter': [ '1.4.0', '2.1.0' ],
558 silly audit   vec3: [ '0.1.10' ],
558 silly audit   '@types/node-rsa': [ '1.1.4' ],
558 silly audit   '@types/readable-stream': [ '4.0.18' ],
558 silly audit   'aes-js': [ '3.1.2' ],
558 silly audit   'buffer-equal': [ '1.0.1' ],
558 silly audit   debug: [ '4.4.0' ],
558 silly audit   'endian-toggle': [ '0.0.0' ],
558 silly audit   'lodash.get': [ '4.4.2' ],
558 silly audit   'lodash.merge': [ '4.6.2' ],
558 silly audit   'minecraft-folder-path': [ '1.2.0' ],
558 silly audit   'node-fetch': [ '2.7.0' ],
558 silly audit   'node-rsa': [ '0.4.2' ],
558 silly audit   'prismarine-auth': [ '2.7.0' ],
558 silly audit   'prismarine-realms': [ '1.3.2' ],
558 silly audit   'readable-stream': [ '4.7.0' ],
558 silly audit   'uuid-1345': [ '1.0.2' ],
558 silly audit   yggdrasil: [ '1.7.0' ],
558 silly audit   '@types/node': [ '22.13.14' ],
558 silly audit   'undici-types': [ '6.20.0' ],
558 silly audit   'safe-buffer': [ '5.1.2', '5.2.1' ],
558 silly audit   ms: [ '2.1.3' ],
558 silly audit   'whatwg-url': [ '5.0.0' ],
558 silly audit   asn1: [ '0.2.3' ],
558 silly audit   '@azure/msal-node': [ '2.16.2' ],
558 silly audit   '@xboxreplay/xboxlive-auth': [ '3.3.3' ],
558 silly audit   'smart-buffer': [ '4.2.0' ],
558 silly audit   '@azure/msal-common': [ '14.16.0' ],
558 silly audit   jsonwebtoken: [ '9.0.2' ],
558 silly audit   uuid: [ '8.3.2' ],
558 silly audit   '@xboxreplay/errors': [ '0.1.0' ],
558 silly audit   axios: [ '0.21.4' ],
558 silly audit   'follow-redirects': [ '1.15.9' ],
558 silly audit   jws: [ '3.2.2' ],
558 silly audit   'lodash.includes': [ '4.3.0' ],
558 silly audit   'lodash.isboolean': [ '3.0.3' ],
558 silly audit   'lodash.isinteger': [ '4.0.4' ],
558 silly audit   'lodash.isnumber': [ '3.0.3' ],
558 silly audit   'lodash.isplainobject': [ '4.0.6' ],
558 silly audit   'lodash.isstring': [ '4.0.1' ],
558 silly audit   'lodash.once': [ '4.1.1' ],
558 silly audit   semver: [ '7.7.1' ],
558 silly audit   jwa: [ '1.4.1' ],
558 silly audit   'buffer-equal-constant-time': [ '1.0.1' ],
558 silly audit   'ecdsa-sig-formatter': [ '1.0.11' ],
558 silly audit   mojangson: [ '2.0.4' ],
558 silly audit   nearley: [ '2.20.1' ],
558 silly audit   commander: [ '2.20.3' ],
558 silly audit   moo: [ '0.5.2' ],
558 silly audit   'railroad-diagrams': [ '1.0.0' ],
558 silly audit   randexp: [ '0.4.6' ],
558 silly audit   uint4: [ '0.1.2' ],
558 silly audit   'xxhash-wasm': [ '0.4.2' ],
558 silly audit   'lodash.reduce': [ '4.6.0' ],
558 silly audit   'protodef-validator': [ '1.4.0' ],
558 silly audit   ajv: [ '6.12.6' ],
558 silly audit   'fast-deep-equal': [ '3.1.3' ],
558 silly audit   'fast-json-stable-stringify': [ '2.1.0' ],
558 silly audit   'json-schema-traverse': [ '0.4.1' ],
558 silly audit   'uri-js': [ '4.4.1' ],
558 silly audit   'discontinuous-range': [ '1.0.0' ],
558 silly audit   ret: [ '0.1.15' ],
558 silly audit   'abort-controller': [ '3.0.0' ],
558 silly audit   buffer: [ '6.0.3' ],
558 silly audit   events: [ '3.3.0' ],
558 silly audit   process: [ '0.11.10' ],
558 silly audit   string_decoder: [ '1.3.0' ],
558 silly audit   'event-target-shim': [ '5.0.1' ],
558 silly audit   'base64-js': [ '1.5.1' ],
558 silly audit   ieee754: [ '1.2.1' ],
558 silly audit   punycode: [ '2.3.1' ],
558 silly audit   macaddress: [ '0.5.3' ],
558 silly audit   tr46: [ '0.0.3' ],
558 silly audit   'webidl-conversions': [ '3.0.1' ],
558 silly audit   rxjs: [ '7.8.2' ],
558 silly audit   tslib: [ '2.8.1' ]
558 silly audit }
559 http cache rxjs@https://registry.npmjs.org/rxjs/-/rxjs-7.8.2.tgz 0ms (cache hit)
560 http cache tslib@https://registry.npmjs.org/tslib/-/tslib-2.8.1.tgz 0ms (cache hit)
561 http cache webidl-conversions@https://registry.npmjs.org/webidl-conversions/-/webidl-conversions-3.0.1.tgz 0ms (cache hit)
562 http cache punycode@https://registry.npmjs.org/punycode/-/punycode-2.3.1.tgz 1ms (cache hit)
563 http cache ieee754@https://registry.npmjs.org/ieee754/-/ieee754-1.2.1.tgz 0ms (cache hit)
564 http cache base64-js@https://registry.npmjs.org/base64-js/-/base64-js-1.5.1.tgz 0ms (cache hit)
565 http cache macaddress@https://registry.npmjs.org/macaddress/-/macaddress-0.5.3.tgz 0ms (cache hit)
566 http cache event-target-shim@https://registry.npmjs.org/event-target-shim/-/event-target-shim-5.0.1.tgz 0ms (cache hit)
567 http cache string_decoder@https://registry.npmjs.org/string_decoder/-/string_decoder-1.3.0.tgz 0ms (cache hit)
568 http cache process@https://registry.npmjs.org/process/-/process-0.11.10.tgz 0ms (cache hit)
569 http cache tr46@https://registry.npmjs.org/tr46/-/tr46-0.0.3.tgz 0ms (cache hit)
570 http cache events@https://registry.npmjs.org/events/-/events-3.3.0.tgz 0ms (cache hit)
571 http cache abort-controller@https://registry.npmjs.org/abort-controller/-/abort-controller-3.0.0.tgz 0ms (cache hit)
572 http cache discontinuous-range@https://registry.npmjs.org/discontinuous-range/-/discontinuous-range-1.0.0.tgz 1ms (cache hit)
573 http cache uri-js@https://registry.npmjs.org/uri-js/-/uri-js-4.4.1.tgz 0ms (cache hit)
574 http cache ret@https://registry.npmjs.org/ret/-/ret-0.1.15.tgz 2ms (cache hit)
575 http cache fast-json-stable-stringify@https://registry.npmjs.org/fast-json-stable-stringify/-/fast-json-stable-stringify-2.1.0.tgz 0ms (cache hit)
576 http cache json-schema-traverse@https://registry.npmjs.org/json-schema-traverse/-/json-schema-traverse-0.4.1.tgz 0ms (cache hit)
577 http cache fast-deep-equal@https://registry.npmjs.org/fast-deep-equal/-/fast-deep-equal-3.1.3.tgz 0ms (cache hit)
578 http cache buffer@https://registry.npmjs.org/buffer/-/buffer-6.0.3.tgz 0ms (cache hit)
579 http cache ajv@https://registry.npmjs.org/ajv/-/ajv-6.12.6.tgz 0ms (cache hit)
580 http cache protodef-validator@https://registry.npmjs.org/protodef-validator/-/protodef-validator-1.4.0.tgz 0ms (cache hit)
581 http cache lodash.reduce@https://registry.npmjs.org/lodash.reduce/-/lodash.reduce-4.6.0.tgz 0ms (cache hit)
582 http cache xxhash-wasm@https://registry.npmjs.org/xxhash-wasm/-/xxhash-wasm-0.4.2.tgz 0ms (cache hit)
583 http cache uint4@https://registry.npmjs.org/uint4/-/uint4-0.1.2.tgz 0ms (cache hit)
584 http cache randexp@https://registry.npmjs.org/randexp/-/randexp-0.4.6.tgz 0ms (cache hit)
585 http cache railroad-diagrams@https://registry.npmjs.org/railroad-diagrams/-/railroad-diagrams-1.0.0.tgz 0ms (cache hit)
586 http cache commander@https://registry.npmjs.org/commander/-/commander-2.20.3.tgz 0ms (cache hit)
587 http cache moo@https://registry.npmjs.org/moo/-/moo-0.5.2.tgz 0ms (cache hit)
588 http cache nearley@https://registry.npmjs.org/nearley/-/nearley-2.20.1.tgz 0ms (cache hit)
589 http cache mojangson@https://registry.npmjs.org/mojangson/-/mojangson-2.0.4.tgz 0ms (cache hit)
590 http cache ecdsa-sig-formatter@https://registry.npmjs.org/ecdsa-sig-formatter/-/ecdsa-sig-formatter-1.0.11.tgz 0ms (cache hit)
591 http cache buffer-equal-constant-time@https://registry.npmjs.org/buffer-equal-constant-time/-/buffer-equal-constant-time-1.0.1.tgz 0ms (cache hit)
592 http cache jwa@https://registry.npmjs.org/jwa/-/jwa-1.4.1.tgz 0ms (cache hit)
593 http cache semver@https://registry.npmjs.org/semver/-/semver-7.7.1.tgz 0ms (cache hit)
594 http cache lodash.once@https://registry.npmjs.org/lodash.once/-/lodash.once-4.1.1.tgz 0ms (cache hit)
595 http cache lodash.isstring@https://registry.npmjs.org/lodash.isstring/-/lodash.isstring-4.0.1.tgz 0ms (cache hit)
596 http cache lodash.isplainobject@https://registry.npmjs.org/lodash.isplainobject/-/lodash.isplainobject-4.0.6.tgz 1ms (cache hit)
597 http cache lodash.isnumber@https://registry.npmjs.org/lodash.isnumber/-/lodash.isnumber-3.0.3.tgz 0ms (cache hit)
598 http cache lodash.isinteger@https://registry.npmjs.org/lodash.isinteger/-/lodash.isinteger-4.0.4.tgz 0ms (cache hit)
599 http cache lodash.isboolean@https://registry.npmjs.org/lodash.isboolean/-/lodash.isboolean-3.0.3.tgz 0ms (cache hit)
600 http cache lodash.includes@https://registry.npmjs.org/lodash.includes/-/lodash.includes-4.3.0.tgz 0ms (cache hit)
601 http cache jws@https://registry.npmjs.org/jws/-/jws-3.2.2.tgz 0ms (cache hit)
602 http cache follow-redirects@https://registry.npmjs.org/follow-redirects/-/follow-redirects-1.15.9.tgz 1ms (cache hit)
603 http cache axios@https://registry.npmjs.org/axios/-/axios-0.21.4.tgz 0ms (cache hit)
604 http cache @xboxreplay/errors@https://registry.npmjs.org/@xboxreplay/errors/-/errors-0.1.0.tgz 0ms (cache hit)
605 http cache uuid@https://registry.npmjs.org/uuid/-/uuid-8.3.2.tgz 0ms (cache hit)
606 http cache jsonwebtoken@https://registry.npmjs.org/jsonwebtoken/-/jsonwebtoken-9.0.2.tgz 0ms (cache hit)
607 http cache smart-buffer@https://registry.npmjs.org/smart-buffer/-/smart-buffer-4.2.0.tgz 0ms (cache hit)
608 http cache @azure/msal-common@https://registry.npmjs.org/@azure/msal-common/-/msal-common-14.16.0.tgz 0ms (cache hit)
609 http cache @xboxreplay/xboxlive-auth@https://registry.npmjs.org/@xboxreplay/xboxlive-auth/-/xboxlive-auth-3.3.3.tgz 0ms (cache hit)
610 http cache @azure/msal-node@https://registry.npmjs.org/@azure/msal-node/-/msal-node-2.16.2.tgz 0ms (cache hit)
611 http cache asn1@https://registry.npmjs.org/asn1/-/asn1-0.2.3.tgz 0ms (cache hit)
612 http cache whatwg-url@https://registry.npmjs.org/whatwg-url/-/whatwg-url-5.0.0.tgz 0ms (cache hit)
613 http cache ms@https://registry.npmjs.org/ms/-/ms-2.1.3.tgz 0ms (cache hit)
614 http cache safe-buffer@https://registry.npmjs.org/safe-buffer/-/safe-buffer-5.1.2.tgz 0ms (cache hit)
615 http cache undici-types@https://registry.npmjs.org/undici-types/-/undici-types-6.20.0.tgz 0ms (cache hit)
616 http cache @types/node@https://registry.npmjs.org/@types/node/-/node-22.13.14.tgz 0ms (cache hit)
617 http cache yggdrasil@https://registry.npmjs.org/yggdrasil/-/yggdrasil-1.7.0.tgz 0ms (cache hit)
618 http cache uuid-1345@https://registry.npmjs.org/uuid-1345/-/uuid-1345-1.0.2.tgz 0ms (cache hit)
619 http cache readable-stream@https://registry.npmjs.org/readable-stream/-/readable-stream-4.7.0.tgz 0ms (cache hit)
620 http cache prismarine-realms@https://registry.npmjs.org/prismarine-realms/-/prismarine-realms-1.3.2.tgz 0ms (cache hit)
621 http cache prismarine-auth@https://registry.npmjs.org/prismarine-auth/-/prismarine-auth-2.7.0.tgz 0ms (cache hit)
622 http cache node-rsa@https://registry.npmjs.org/node-rsa/-/node-rsa-0.4.2.tgz 0ms (cache hit)
623 http cache node-fetch@https://registry.npmjs.org/node-fetch/-/node-fetch-2.7.0.tgz 0ms (cache hit)
624 http cache lodash.merge@https://registry.npmjs.org/lodash.merge/-/lodash.merge-4.6.2.tgz 0ms (cache hit)
625 http cache lodash.get@https://registry.npmjs.org/lodash.get/-/lodash.get-4.4.2.tgz 0ms (cache hit)
626 http cache endian-toggle@https://registry.npmjs.org/endian-toggle/-/endian-toggle-0.0.0.tgz 0ms (cache hit)
627 http cache debug@https://registry.npmjs.org/debug/-/debug-4.4.0.tgz 0ms (cache hit)
628 http cache buffer-equal@https://registry.npmjs.org/buffer-equal/-/buffer-equal-1.0.1.tgz 0ms (cache hit)
629 http cache aes-js@https://registry.npmjs.org/aes-js/-/aes-js-3.1.2.tgz 0ms (cache hit)
630 http cache @types/node-rsa@https://registry.npmjs.org/@types/node-rsa/-/node-rsa-1.1.4.tgz 0ms (cache hit)
631 http cache @types/readable-stream@https://registry.npmjs.org/@types/readable-stream/-/readable-stream-4.0.18.tgz 0ms (cache hit)
632 http cache vec3@https://registry.npmjs.org/vec3/-/vec3-0.1.10.tgz 0ms (cache hit)
633 http cache protodef@https://registry.npmjs.org/protodef/-/protodef-1.18.0.tgz 0ms (cache hit)
634 http cache minecraft-folder-path@https://registry.npmjs.org/minecraft-folder-path/-/minecraft-folder-path-1.2.0.tgz 0ms (cache hit)
635 http cache typed-emitter@https://registry.npmjs.org/typed-emitter/-/typed-emitter-1.4.0.tgz 0ms (cache hit)
636 http cache prismarine-world@https://registry.npmjs.org/prismarine-world/-/prismarine-world-3.6.3.tgz 0ms (cache hit)
637 http cache prismarine-windows@https://registry.npmjs.org/prismarine-windows/-/prismarine-windows-2.9.0.tgz 0ms (cache hit)
638 http cache prismarine-physics@https://registry.npmjs.org/prismarine-physics/-/prismarine-physics-1.10.0.tgz 0ms (cache hit)
639 http cache prismarine-recipe@https://registry.npmjs.org/prismarine-recipe/-/prismarine-recipe-1.3.1.tgz 0ms (cache hit)
640 http cache prismarine-nbt@https://registry.npmjs.org/prismarine-nbt/-/prismarine-nbt-2.7.0.tgz 0ms (cache hit)
641 http cache prismarine-entity@https://registry.npmjs.org/prismarine-entity/-/prismarine-entity-2.5.0.tgz 0ms (cache hit)
642 http cache prismarine-item@https://registry.npmjs.org/prismarine-item/-/prismarine-item-1.16.0.tgz 0ms (cache hit)
643 http cache prismarine-chat@https://registry.npmjs.org/prismarine-chat/-/prismarine-chat-1.11.0.tgz 0ms (cache hit)
644 http cache prismarine-chunk@https://registry.npmjs.org/prismarine-chunk/-/prismarine-chunk-1.38.1.tgz 1ms (cache hit)
645 http cache prismarine-block@https://registry.npmjs.org/prismarine-block/-/prismarine-block-1.21.0.tgz 0ms (cache hit)
646 http cache prismarine-biome@https://registry.npmjs.org/prismarine-biome/-/prismarine-biome-1.3.0.tgz 0ms (cache hit)
647 http cache minecraft-protocol@https://registry.npmjs.org/minecraft-protocol/-/minecraft-protocol-1.55.0.tgz 0ms (cache hit)
648 http cache minecraft-data@https://registry.npmjs.org/minecraft-data/-/minecraft-data-3.85.0.tgz 0ms (cache hit)
649 http cache mineflayer@https://registry.npmjs.org/mineflayer/-/mineflayer-4.27.0.tgz 0ms (cache hit)
650 http cache prismarine-registry@https://registry.npmjs.org/prismarine-registry/-/prismarine-registry-1.11.0.tgz 0ms (cache hit)
651 http cache safe-buffer@https://registry.npmjs.org/safe-buffer/-/safe-buffer-5.2.1.tgz 0ms (cache hit)
652 http cache typed-emitter@https://registry.npmjs.org/typed-emitter/-/typed-emitter-2.1.0.tgz 0ms (cache hit)
653 silly tarball no local data for rxjs@https://registry.npmjs.org/rxjs/-/rxjs-7.8.2.tgz. Extracting by manifest.
654 silly tarball no local data for tslib@https://registry.npmjs.org/tslib/-/tslib-2.8.1.tgz. Extracting by manifest.
655 silly tarball no local data for webidl-conversions@https://registry.npmjs.org/webidl-conversions/-/webidl-conversions-3.0.1.tgz. Extracting by manifest.
656 silly tarball no local data for ieee754@https://registry.npmjs.org/ieee754/-/ieee754-1.2.1.tgz. Extracting by manifest.
657 silly tarball no local data for base64-js@https://registry.npmjs.org/base64-js/-/base64-js-1.5.1.tgz. Extracting by manifest.
658 silly tarball no local data for punycode@https://registry.npmjs.org/punycode/-/punycode-2.3.1.tgz. Extracting by manifest.
659 silly tarball no local data for macaddress@https://registry.npmjs.org/macaddress/-/macaddress-0.5.3.tgz. Extracting by manifest.
660 silly tarball no local data for event-target-shim@https://registry.npmjs.org/event-target-shim/-/event-target-shim-5.0.1.tgz. Extracting by manifest.
661 silly tarball no local data for string_decoder@https://registry.npmjs.org/string_decoder/-/string_decoder-1.3.0.tgz. Extracting by manifest.
662 silly tarball no local data for process@https://registry.npmjs.org/process/-/process-0.11.10.tgz. Extracting by manifest.
663 silly tarball no local data for tr46@https://registry.npmjs.org/tr46/-/tr46-0.0.3.tgz. Extracting by manifest.
664 silly tarball no local data for abort-controller@https://registry.npmjs.org/abort-controller/-/abort-controller-3.0.0.tgz. Extracting by manifest.
665 silly tarball no local data for events@https://registry.npmjs.org/events/-/events-3.3.0.tgz. Extracting by manifest.
666 silly tarball no local data for discontinuous-range@https://registry.npmjs.org/discontinuous-range/-/discontinuous-range-1.0.0.tgz. Extracting by manifest.
667 silly tarball no local data for uri-js@https://registry.npmjs.org/uri-js/-/uri-js-4.4.1.tgz. Extracting by manifest.
668 silly tarball no local data for ret@https://registry.npmjs.org/ret/-/ret-0.1.15.tgz. Extracting by manifest.
669 silly tarball no local data for fast-json-stable-stringify@https://registry.npmjs.org/fast-json-stable-stringify/-/fast-json-stable-stringify-2.1.0.tgz. Extracting by manifest.
670 silly tarball no local data for json-schema-traverse@https://registry.npmjs.org/json-schema-traverse/-/json-schema-traverse-0.4.1.tgz. Extracting by manifest.
671 silly tarball no local data for fast-deep-equal@https://registry.npmjs.org/fast-deep-equal/-/fast-deep-equal-3.1.3.tgz. Extracting by manifest.
672 silly tarball no local data for ajv@https://registry.npmjs.org/ajv/-/ajv-6.12.6.tgz. Extracting by manifest.
673 silly tarball no local data for lodash.reduce@https://registry.npmjs.org/lodash.reduce/-/lodash.reduce-4.6.0.tgz. Extracting by manifest.
674 silly tarball no local data for protodef-validator@https://registry.npmjs.org/protodef-validator/-/protodef-validator-1.4.0.tgz. Extracting by manifest.
675 silly tarball no local data for buffer@https://registry.npmjs.org/buffer/-/buffer-6.0.3.tgz. Extracting by manifest.
676 silly tarball no local data for xxhash-wasm@https://registry.npmjs.org/xxhash-wasm/-/xxhash-wasm-0.4.2.tgz. Extracting by manifest.
677 silly tarball no local data for uint4@https://registry.npmjs.org/uint4/-/uint4-0.1.2.tgz. Extracting by manifest.
678 silly tarball no local data for randexp@https://registry.npmjs.org/randexp/-/randexp-0.4.6.tgz. Extracting by manifest.
679 silly tarball no local data for railroad-diagrams@https://registry.npmjs.org/railroad-diagrams/-/railroad-diagrams-1.0.0.tgz. Extracting by manifest.
680 silly tarball no local data for commander@https://registry.npmjs.org/commander/-/commander-2.20.3.tgz. Extracting by manifest.
681 silly tarball no local data for moo@https://registry.npmjs.org/moo/-/moo-0.5.2.tgz. Extracting by manifest.
682 silly tarball no local data for nearley@https://registry.npmjs.org/nearley/-/nearley-2.20.1.tgz. Extracting by manifest.
683 silly tarball no local data for mojangson@https://registry.npmjs.org/mojangson/-/mojangson-2.0.4.tgz. Extracting by manifest.
684 silly tarball no local data for ecdsa-sig-formatter@https://registry.npmjs.org/ecdsa-sig-formatter/-/ecdsa-sig-formatter-1.0.11.tgz. Extracting by manifest.
685 silly tarball no local data for buffer-equal-constant-time@https://registry.npmjs.org/buffer-equal-constant-time/-/buffer-equal-constant-time-1.0.1.tgz. Extracting by manifest.
686 silly tarball no local data for jwa@https://registry.npmjs.org/jwa/-/jwa-1.4.1.tgz. Extracting by manifest.
687 silly tarball no local data for semver@https://registry.npmjs.org/semver/-/semver-7.7.1.tgz. Extracting by manifest.
688 silly tarball no local data for lodash.once@https://registry.npmjs.org/lodash.once/-/lodash.once-4.1.1.tgz. Extracting by manifest.
689 silly tarball no local data for lodash.isstring@https://registry.npmjs.org/lodash.isstring/-/lodash.isstring-4.0.1.tgz. Extracting by manifest.
690 silly tarball no local data for lodash.isplainobject@https://registry.npmjs.org/lodash.isplainobject/-/lodash.isplainobject-4.0.6.tgz. Extracting by manifest.
691 silly tarball no local data for lodash.isnumber@https://registry.npmjs.org/lodash.isnumber/-/lodash.isnumber-3.0.3.tgz. Extracting by manifest.
692 silly tarball no local data for lodash.isinteger@https://registry.npmjs.org/lodash.isinteger/-/lodash.isinteger-4.0.4.tgz. Extracting by manifest.
693 silly tarball no local data for lodash.isboolean@https://registry.npmjs.org/lodash.isboolean/-/lodash.isboolean-3.0.3.tgz. Extracting by manifest.
694 silly tarball no local data for lodash.includes@https://registry.npmjs.org/lodash.includes/-/lodash.includes-4.3.0.tgz. Extracting by manifest.
695 silly tarball no local data for axios@https://registry.npmjs.org/axios/-/axios-0.21.4.tgz. Extracting by manifest.
696 silly tarball no local data for @xboxreplay/errors@https://registry.npmjs.org/@xboxreplay/errors/-/errors-0.1.0.tgz. Extracting by manifest.
697 silly tarball no local data for uuid@https://registry.npmjs.org/uuid/-/uuid-8.3.2.tgz. Extracting by manifest.
698 silly tarball no local data for jsonwebtoken@https://registry.npmjs.org/jsonwebtoken/-/jsonwebtoken-9.0.2.tgz. Extracting by manifest.
699 silly tarball no local data for smart-buffer@https://registry.npmjs.org/smart-buffer/-/smart-buffer-4.2.0.tgz. Extracting by manifest.
700 silly tarball no local data for @azure/msal-common@https://registry.npmjs.org/@azure/msal-common/-/msal-common-14.16.0.tgz. Extracting by manifest.
701 silly tarball no local data for @xboxreplay/xboxlive-auth@https://registry.npmjs.org/@xboxreplay/xboxlive-auth/-/xboxlive-auth-3.3.3.tgz. Extracting by manifest.
702 silly tarball no local data for @azure/msal-node@https://registry.npmjs.org/@azure/msal-node/-/msal-node-2.16.2.tgz. Extracting by manifest.
703 silly tarball no local data for asn1@https://registry.npmjs.org/asn1/-/asn1-0.2.3.tgz. Extracting by manifest.
704 silly tarball no local data for whatwg-url@https://registry.npmjs.org/whatwg-url/-/whatwg-url-5.0.0.tgz. Extracting by manifest.
705 silly tarball no local data for safe-buffer@https://registry.npmjs.org/safe-buffer/-/safe-buffer-5.1.2.tgz. Extracting by manifest.
706 silly tarball no local data for undici-types@https://registry.npmjs.org/undici-types/-/undici-types-6.20.0.tgz. Extracting by manifest.
707 silly tarball no local data for jws@https://registry.npmjs.org/jws/-/jws-3.2.2.tgz. Extracting by manifest.
708 silly tarball no local data for ms@https://registry.npmjs.org/ms/-/ms-2.1.3.tgz. Extracting by manifest.
709 silly tarball no local data for follow-redirects@https://registry.npmjs.org/follow-redirects/-/follow-redirects-1.15.9.tgz. Extracting by manifest.
710 silly tarball no local data for readable-stream@https://registry.npmjs.org/readable-stream/-/readable-stream-4.7.0.tgz. Extracting by manifest.
711 silly tarball no local data for prismarine-realms@https://registry.npmjs.org/prismarine-realms/-/prismarine-realms-1.3.2.tgz. Extracting by manifest.
712 silly tarball no local data for yggdrasil@https://registry.npmjs.org/yggdrasil/-/yggdrasil-1.7.0.tgz. Extracting by manifest.
713 silly tarball no local data for prismarine-auth@https://registry.npmjs.org/prismarine-auth/-/prismarine-auth-2.7.0.tgz. Extracting by manifest.
714 silly tarball no local data for node-rsa@https://registry.npmjs.org/node-rsa/-/node-rsa-0.4.2.tgz. Extracting by manifest.
715 silly tarball no local data for node-fetch@https://registry.npmjs.org/node-fetch/-/node-fetch-2.7.0.tgz. Extracting by manifest.
716 silly tarball no local data for lodash.merge@https://registry.npmjs.org/lodash.merge/-/lodash.merge-4.6.2.tgz. Extracting by manifest.
717 silly tarball no local data for uuid-1345@https://registry.npmjs.org/uuid-1345/-/uuid-1345-1.0.2.tgz. Extracting by manifest.
718 silly tarball no local data for lodash.get@https://registry.npmjs.org/lodash.get/-/lodash.get-4.4.2.tgz. Extracting by manifest.
719 silly tarball no local data for endian-toggle@https://registry.npmjs.org/endian-toggle/-/endian-toggle-0.0.0.tgz. Extracting by manifest.
720 silly tarball no local data for debug@https://registry.npmjs.org/debug/-/debug-4.4.0.tgz. Extracting by manifest.
721 silly tarball no local data for buffer-equal@https://registry.npmjs.org/buffer-equal/-/buffer-equal-1.0.1.tgz. Extracting by manifest.
722 silly tarball no local data for aes-js@https://registry.npmjs.org/aes-js/-/aes-js-3.1.2.tgz. Extracting by manifest.
723 silly tarball no local data for vec3@https://registry.npmjs.org/vec3/-/vec3-0.1.10.tgz. Extracting by manifest.
724 silly tarball no local data for @types/readable-stream@https://registry.npmjs.org/@types/readable-stream/-/readable-stream-4.0.18.tgz. Extracting by manifest.
725 silly tarball no local data for @types/node@https://registry.npmjs.org/@types/node/-/node-22.13.14.tgz. Extracting by manifest.
726 silly tarball no local data for typed-emitter@https://registry.npmjs.org/typed-emitter/-/typed-emitter-1.4.0.tgz. Extracting by manifest.
727 silly tarball no local data for minecraft-folder-path@https://registry.npmjs.org/minecraft-folder-path/-/minecraft-folder-path-1.2.0.tgz. Extracting by manifest.
728 silly tarball no local data for prismarine-world@https://registry.npmjs.org/prismarine-world/-/prismarine-world-3.6.3.tgz. Extracting by manifest.
729 silly tarball no local data for prismarine-physics@https://registry.npmjs.org/prismarine-physics/-/prismarine-physics-1.10.0.tgz. Extracting by manifest.
730 silly tarball no local data for prismarine-recipe@https://registry.npmjs.org/prismarine-recipe/-/prismarine-recipe-1.3.1.tgz. Extracting by manifest.
731 silly tarball no local data for prismarine-nbt@https://registry.npmjs.org/prismarine-nbt/-/prismarine-nbt-2.7.0.tgz. Extracting by manifest.
732 silly tarball no local data for protodef@https://registry.npmjs.org/protodef/-/protodef-1.18.0.tgz. Extracting by manifest.
733 silly tarball no local data for @types/node-rsa@https://registry.npmjs.org/@types/node-rsa/-/node-rsa-1.1.4.tgz. Extracting by manifest.
734 silly tarball no local data for prismarine-entity@https://registry.npmjs.org/prismarine-entity/-/prismarine-entity-2.5.0.tgz. Extracting by manifest.
735 silly tarball no local data for prismarine-item@https://registry.npmjs.org/prismarine-item/-/prismarine-item-1.16.0.tgz. Extracting by manifest.
736 silly tarball no local data for prismarine-windows@https://registry.npmjs.org/prismarine-windows/-/prismarine-windows-2.9.0.tgz. Extracting by manifest.
737 silly tarball no local data for prismarine-chat@https://registry.npmjs.org/prismarine-chat/-/prismarine-chat-1.11.0.tgz. Extracting by manifest.
738 silly tarball no local data for prismarine-chunk@https://registry.npmjs.org/prismarine-chunk/-/prismarine-chunk-1.38.1.tgz. Extracting by manifest.
739 silly tarball no local data for prismarine-block@https://registry.npmjs.org/prismarine-block/-/prismarine-block-1.21.0.tgz. Extracting by manifest.
740 silly tarball no local data for prismarine-biome@https://registry.npmjs.org/prismarine-biome/-/prismarine-biome-1.3.0.tgz. Extracting by manifest.
741 silly tarball no local data for minecraft-protocol@https://registry.npmjs.org/minecraft-protocol/-/minecraft-protocol-1.55.0.tgz. Extracting by manifest.
742 silly tarball no local data for minecraft-data@https://registry.npmjs.org/minecraft-data/-/minecraft-data-3.85.0.tgz. Extracting by manifest.
743 silly tarball no local data for mineflayer@https://registry.npmjs.org/mineflayer/-/mineflayer-4.27.0.tgz. Extracting by manifest.
744 silly tarball no local data for prismarine-registry@https://registry.npmjs.org/prismarine-registry/-/prismarine-registry-1.11.0.tgz. Extracting by manifest.
745 silly tarball no local data for safe-buffer@https://registry.npmjs.org/safe-buffer/-/safe-buffer-5.2.1.tgz. Extracting by manifest.
746 silly tarball no local data for typed-emitter@https://registry.npmjs.org/typed-emitter/-/typed-emitter-2.1.0.tgz. Extracting by manifest.
747 http fetch POST 200 https://registry.npmjs.org/-/npm/v1/security/advisories/bulk 901ms
748 silly audit report {
748 silly audit report   axios: [
748 silly audit report     {
748 silly audit report       id: 1102472,
748 silly audit report       url: 'https://github.com/advisories/GHSA-jr5f-v2jv-69x6',
748 silly audit report       title: 'axios Requests Vulnerable To Possible SSRF and Credential Leakage via Absolute URL',
748 silly audit report       severity: 'high',
748 silly audit report       vulnerable_versions: '<1.8.2',
748 silly audit report       cwe: [Array],
748 silly audit report       cvss: [Object]
748 silly audit report     },
748 silly audit report     {
748 silly audit report       id: 1097679,
748 silly audit report       url: 'https://github.com/advisories/GHSA-wf5p-g6vw-rhxx',
748 silly audit report       title: 'Axios Cross-Site Request Forgery Vulnerability',
748 silly audit report       severity: 'moderate',
748 silly audit report       vulnerable_versions: '>=0.8.1 <0.28.0',
748 silly audit report       cwe: [Array],
748 silly audit report       cvss: [Object]
748 silly audit report     }
748 silly audit report   ]
748 silly audit report }
749 silly packumentCache corgi:https://registry.npmjs.org/axios cache-miss
750 http fetch GET 200 https://registry.npmjs.org/punycode/-/punycode-2.3.1.tgz 964ms (cache miss)
751 http fetch GET 200 https://registry.npmjs.org/base64-js/-/base64-js-1.5.1.tgz 1030ms (cache miss)
752 http fetch GET 200 https://registry.npmjs.org/webidl-conversions/-/webidl-conversions-3.0.1.tgz 1245ms (cache miss)
753 http fetch GET 200 https://registry.npmjs.org/ieee754/-/ieee754-1.2.1.tgz 1308ms (cache miss)
754 http fetch GET 200 https://registry.npmjs.org/fast-deep-equal/-/fast-deep-equal-3.1.3.tgz 2224ms (cache miss)
755 http fetch GET 200 https://registry.npmjs.org/ret/-/ret-0.1.15.tgz 2237ms (cache miss)
756 http fetch GET 200 https://registry.npmjs.org/discontinuous-range/-/discontinuous-range-1.0.0.tgz 2752ms (cache miss)
757 http fetch GET 200 https://registry.npmjs.org/fast-json-stable-stringify/-/fast-json-stable-stringify-2.1.0.tgz 2952ms (cache miss)
758 http fetch GET 200 https://registry.npmjs.org/json-schema-traverse/-/json-schema-traverse-0.4.1.tgz 3082ms (cache miss)
759 http fetch GET 200 https://registry.npmjs.org/tslib/-/tslib-2.8.1.tgz 3714ms (cache miss)
760 http fetch GET 200 https://registry.npmjs.org/uint4/-/uint4-0.1.2.tgz 4096ms (cache miss)
761 http fetch GET 200 https://registry.npmjs.org/xxhash-wasm/-/xxhash-wasm-0.4.2.tgz 5105ms (cache miss)
762 http fetch GET 200 https://registry.npmjs.org/lodash.reduce/-/lodash.reduce-4.6.0.tgz 5885ms (cache miss)
763 http fetch GET 200 https://registry.npmjs.org/railroad-diagrams/-/railroad-diagrams-1.0.0.tgz 6213ms (cache miss)
764 http fetch GET 200 https://registry.npmjs.org/randexp/-/randexp-0.4.6.tgz 6520ms (cache miss)
765 http fetch GET 200 https://registry.npmjs.org/macaddress/-/macaddress-0.5.3.tgz 6592ms (cache miss)
766 http fetch GET 200 https://registry.npmjs.org/protodef-validator/-/protodef-validator-1.4.0.tgz 6582ms (cache miss)
767 http fetch GET 200 https://registry.npmjs.org/abort-controller/-/abort-controller-3.0.0.tgz 6687ms (cache miss)
768 http fetch GET 200 https://registry.npmjs.org/string_decoder/-/string_decoder-1.3.0.tgz 7107ms (cache miss)
769 http fetch GET 200 https://registry.npmjs.org/events/-/events-3.3.0.tgz 7199ms (cache miss)
770 http fetch GET 200 https://registry.npmjs.org/buffer-equal-constant-time/-/buffer-equal-constant-time-1.0.1.tgz 8296ms (cache miss)
771 http fetch GET 200 https://registry.npmjs.org/jwa/-/jwa-1.4.1.tgz 8494ms (cache miss)
772 http fetch GET 200 https://registry.npmjs.org/lodash.once/-/lodash.once-4.1.1.tgz 9172ms (cache miss)
773 http fetch GET 200 https://registry.npmjs.org/lodash.isstring/-/lodash.isstring-4.0.1.tgz 9350ms (cache miss)
774 http fetch GET 200 https://registry.npmjs.org/process/-/process-0.11.10.tgz 9723ms (cache miss)
775 http fetch GET 200 https://registry.npmjs.org/ecdsa-sig-formatter/-/ecdsa-sig-formatter-1.0.11.tgz 9651ms (cache miss)
776 http fetch GET 200 https://registry.npmjs.org/moo/-/moo-0.5.2.tgz 9921ms (cache miss)
777 http fetch GET 200 https://registry.npmjs.org/lodash.isplainobject/-/lodash.isplainobject-4.0.6.tgz 10047ms (cache miss)
778 http fetch GET 200 https://registry.npmjs.org/buffer/-/buffer-6.0.3.tgz 10241ms (cache miss)
779 http fetch GET 200 https://registry.npmjs.org/lodash.isnumber/-/lodash.isnumber-3.0.3.tgz 10288ms (cache miss)
780 http fetch GET 200 https://registry.npmjs.org/mojangson/-/mojangson-2.0.4.tgz 10386ms (cache miss)
781 http fetch GET 200 https://registry.npmjs.org/lodash.isinteger/-/lodash.isinteger-4.0.4.tgz 10372ms (cache miss)
782 http fetch GET 200 https://registry.npmjs.org/lodash.isboolean/-/lodash.isboolean-3.0.3.tgz 10615ms (cache miss)
783 http fetch GET 200 https://registry.npmjs.org/lodash.includes/-/lodash.includes-4.3.0.tgz 11311ms (cache miss)
784 http fetch GET 200 https://registry.npmjs.org/@xboxreplay/errors/-/errors-0.1.0.tgz 11324ms (cache miss)
785 http fetch GET 200 https://registry.npmjs.org/commander/-/commander-2.20.3.tgz 12110ms (cache miss)
786 http fetch GET 200 https://registry.npmjs.org/nearley/-/nearley-2.20.1.tgz 12119ms (cache miss)
787 http fetch GET 200 https://registry.npmjs.org/jsonwebtoken/-/jsonwebtoken-9.0.2.tgz 12866ms (cache miss)
788 http fetch GET 200 https://registry.npmjs.org/asn1/-/asn1-0.2.3.tgz 13267ms (cache miss)
789 http fetch GET 200 https://registry.npmjs.org/@xboxreplay/xboxlive-auth/-/xboxlive-auth-3.3.3.tgz 13980ms (cache miss)
790 http fetch GET 200 https://registry.npmjs.org/whatwg-url/-/whatwg-url-5.0.0.tgz 14289ms (cache miss)
791 http fetch GET 200 https://registry.npmjs.org/jws/-/jws-3.2.2.tgz 15340ms (cache miss)
792 http fetch GET 200 https://registry.npmjs.org/event-target-shim/-/event-target-shim-5.0.1.tgz 15891ms (cache miss)
793 http fetch GET 200 https://registry.npmjs.org/semver/-/semver-7.7.1.tgz 15989ms (cache miss)
794 http fetch GET 200 https://registry.npmjs.org/ms/-/ms-2.1.3.tgz 16036ms (cache miss)
795 http fetch GET 200 https://registry.npmjs.org/safe-buffer/-/safe-buffer-5.1.2.tgz 16283ms (cache miss)
796 http fetch GET 200 https://registry.npmjs.org/smart-buffer/-/smart-buffer-4.2.0.tgz 17107ms (cache miss)
797 http fetch GET 200 https://registry.npmjs.org/follow-redirects/-/follow-redirects-1.15.9.tgz 18418ms (cache miss)
798 http fetch GET 200 https://registry.npmjs.org/uuid/-/uuid-8.3.2.tgz 18617ms (cache miss)
799 http fetch GET 200 https://registry.npmjs.org/prismarine-realms/-/prismarine-realms-1.3.2.tgz 18751ms (cache miss)
800 http fetch GET 200 https://registry.npmjs.org/undici-types/-/undici-types-6.20.0.tgz 19012ms (cache miss)
801 http fetch GET 200 https://registry.npmjs.org/yggdrasil/-/yggdrasil-1.7.0.tgz 19482ms (cache miss)
802 http fetch GET 200 https://registry.npmjs.org/lodash.get/-/lodash.get-4.4.2.tgz 21577ms (cache miss)
803 warn deprecated lodash.get@4.4.2: This package is deprecated. Use the optional chaining (?.) operator instead.
804 http fetch GET 200 https://registry.npmjs.org/lodash.merge/-/lodash.merge-4.6.2.tgz 22037ms (cache miss)
805 http fetch GET 200 https://registry.npmjs.org/tr46/-/tr46-0.0.3.tgz 22247ms (cache miss)
806 http fetch GET 200 https://registry.npmjs.org/debug/-/debug-4.4.0.tgz 22333ms (cache miss)
807 http fetch GET 200 https://registry.npmjs.org/prismarine-auth/-/prismarine-auth-2.7.0.tgz 23288ms (cache miss)
808 http fetch GET 200 https://registry.npmjs.org/endian-toggle/-/endian-toggle-0.0.0.tgz 23530ms (cache miss)
809 http fetch GET 200 https://registry.npmjs.org/buffer-equal/-/buffer-equal-1.0.1.tgz 23802ms (cache miss)
810 http fetch GET 200 https://registry.npmjs.org/@types/readable-stream/-/readable-stream-4.0.18.tgz 24502ms (cache miss)
811 http fetch GET 200 https://registry.npmjs.org/typed-emitter/-/typed-emitter-1.4.0.tgz 24599ms (cache miss)
812 http fetch GET 200 https://registry.npmjs.org/minecraft-folder-path/-/minecraft-folder-path-1.2.0.tgz 24837ms (cache miss)
813 http fetch GET 200 https://registry.npmjs.org/vec3/-/vec3-0.1.10.tgz 25093ms (cache miss)
814 http fetch GET 200 https://registry.npmjs.org/node-rsa/-/node-rsa-0.4.2.tgz 27858ms (cache miss)
815 http fetch GET 200 https://registry.npmjs.org/prismarine-physics/-/prismarine-physics-1.10.0.tgz 28621ms (cache miss)
816 http fetch GET 200 https://registry.npmjs.org/prismarine-recipe/-/prismarine-recipe-1.3.1.tgz 29246ms (cache miss)
817 http fetch GET 200 https://registry.npmjs.org/node-fetch/-/node-fetch-2.7.0.tgz 29523ms (cache miss)
818 http fetch GET 200 https://registry.npmjs.org/aes-js/-/aes-js-3.1.2.tgz 29543ms (cache miss)
819 http fetch GET 200 https://registry.npmjs.org/readable-stream/-/readable-stream-4.7.0.tgz 30399ms (cache miss)
820 http fetch GET 200 https://registry.npmjs.org/uuid-1345/-/uuid-1345-1.0.2.tgz 30446ms (cache miss)
821 http fetch GET 200 https://registry.npmjs.org/prismarine-entity/-/prismarine-entity-2.5.0.tgz 30641ms (cache miss)
822 http fetch GET 200 https://registry.npmjs.org/@types/node-rsa/-/node-rsa-1.1.4.tgz 30972ms (cache miss)
823 http fetch GET 200 https://registry.npmjs.org/prismarine-item/-/prismarine-item-1.16.0.tgz 33817ms (cache miss)
824 http fetch GET 200 https://registry.npmjs.org/prismarine-windows/-/prismarine-windows-2.9.0.tgz 33905ms (cache miss)
825 http fetch GET 200 https://registry.npmjs.org/prismarine-chat/-/prismarine-chat-1.11.0.tgz 34539ms (cache miss)
826 http fetch GET 200 https://registry.npmjs.org/prismarine-biome/-/prismarine-biome-1.3.0.tgz 34578ms (cache miss)
827 http fetch GET 200 https://registry.npmjs.org/prismarine-block/-/prismarine-block-1.21.0.tgz 34786ms (cache miss)
828 http fetch GET 200 https://registry.npmjs.org/prismarine-world/-/prismarine-world-3.6.3.tgz 35945ms (cache miss)
829 http fetch GET 200 https://registry.npmjs.org/axios/-/axios-0.21.4.tgz 36986ms (cache miss)
830 http fetch GET 200 https://registry.npmjs.org/uri-js/-/uri-js-4.4.1.tgz 37395ms (cache miss)
831 http fetch GET 200 https://registry.npmjs.org/prismarine-registry/-/prismarine-registry-1.11.0.tgz 37788ms (cache miss)
832 http fetch GET 200 https://registry.npmjs.org/protodef/-/protodef-1.18.0.tgz 38070ms (cache miss)
833 http fetch GET 200 https://registry.npmjs.org/typed-emitter/-/typed-emitter-2.1.0.tgz 38192ms (cache miss)
834 http fetch GET 200 https://registry.npmjs.org/prismarine-chunk/-/prismarine-chunk-1.38.1.tgz 41051ms (cache miss)
835 http fetch GET 200 https://registry.npmjs.org/prismarine-nbt/-/prismarine-nbt-2.7.0.tgz 41281ms (cache miss)
836 http fetch GET 200 https://registry.npmjs.org/safe-buffer/-/safe-buffer-5.2.1.tgz 41398ms (cache miss)
837 http fetch GET 200 https://registry.npmjs.org/axios 46138ms (cache miss)
838 silly packumentCache corgi:https://registry.npmjs.org/axios set size:undefined disposed:false
839 silly packumentCache corgi:https://registry.npmjs.org/@xboxreplay%2fxboxlive-auth cache-miss
840 http fetch GET 200 https://registry.npmjs.org/@xboxreplay%2fxboxlive-auth 3717ms (cache miss)
841 silly packumentCache corgi:https://registry.npmjs.org/@xboxreplay%2fxboxlive-auth set size:undefined disposed:false
842 silly packumentCache corgi:https://registry.npmjs.org/prismarine-auth cache-miss
843 http fetch GET 200 https://registry.npmjs.org/minecraft-protocol/-/minecraft-protocol-1.55.0.tgz 50966ms (cache miss)
844 http fetch GET 200 https://registry.npmjs.org/ajv/-/ajv-6.12.6.tgz 51467ms (cache miss)
845 http fetch GET 200 https://registry.npmjs.org/prismarine-auth 3032ms (cache miss)
846 silly packumentCache corgi:https://registry.npmjs.org/prismarine-auth set size:undefined disposed:false
847 silly packumentCache corgi:https://registry.npmjs.org/minecraft-protocol cache-miss
848 http fetch GET 200 https://registry.npmjs.org/minecraft-protocol 12628ms (cache miss)
849 silly packumentCache corgi:https://registry.npmjs.org/minecraft-protocol set size:undefined disposed:false
850 silly packumentCache corgi:https://registry.npmjs.org/mineflayer cache-miss
851 http fetch GET 200 https://registry.npmjs.org/@azure/msal-node/-/msal-node-2.16.2.tgz 85003ms (cache miss)
852 http fetch GET 200 https://registry.npmjs.org/mineflayer/-/mineflayer-4.27.0.tgz 86749ms (cache miss)
853 http fetch GET 200 https://registry.npmjs.org/@azure/msal-common/-/msal-common-14.16.0.tgz 86963ms (cache miss)
854 http fetch GET 200 https://registry.npmjs.org/@types/node/-/node-22.13.14.tgz 90941ms (cache miss)
855 http fetch GET 200 https://registry.npmjs.org/mineflayer 33986ms (cache miss)
856 silly packumentCache corgi:https://registry.npmjs.org/mineflayer set size:undefined disposed:false
857 http fetch GET 200 https://registry.npmjs.org/rxjs/-/rxjs-7.8.2.tgz 104174ms (cache miss)
858 http fetch GET 200 https://registry.npmjs.org/minecraft-data/-/minecraft-data-3.85.0.tgz 643276ms (cache miss)
859 silly ADD node_modules/tslib
860 silly ADD node_modules/rxjs
861 silly ADD node_modules/webidl-conversions
862 silly ADD node_modules/tr46
863 silly ADD node_modules/macaddress
864 silly ADD node_modules/punycode
865 silly ADD node_modules/ieee754
866 silly ADD node_modules/base64-js
867 silly ADD node_modules/event-target-shim
868 silly ADD node_modules/string_decoder
869 silly ADD node_modules/string_decoder/node_modules/safe-buffer
870 silly ADD node_modules/process
871 silly ADD node_modules/events
872 silly ADD node_modules/buffer
873 silly ADD node_modules/abort-controller
874 silly ADD node_modules/ret
875 silly ADD node_modules/discontinuous-range
876 silly ADD node_modules/uri-js
877 silly ADD node_modules/json-schema-traverse
878 silly ADD node_modules/fast-json-stable-stringify
879 silly ADD node_modules/fast-deep-equal
880 silly ADD node_modules/ajv
881 silly ADD node_modules/protodef-validator
882 silly ADD node_modules/lodash.reduce
883 silly ADD node_modules/xxhash-wasm
884 silly ADD node_modules/uint4
885 silly ADD node_modules/randexp
886 silly ADD node_modules/railroad-diagrams
887 silly ADD node_modules/moo
888 silly ADD node_modules/commander
889 silly ADD node_modules/nearley
890 silly ADD node_modules/mojangson
891 silly ADD node_modules/ecdsa-sig-formatter
892 silly ADD node_modules/buffer-equal-constant-time
893 silly ADD node_modules/jwa
894 silly ADD node_modules/semver
895 silly ADD node_modules/lodash.once
896 silly ADD node_modules/lodash.isstring
897 silly ADD node_modules/lodash.isplainobject
898 silly ADD node_modules/lodash.isnumber
899 silly ADD node_modules/lodash.isinteger
900 silly ADD node_modules/lodash.isboolean
901 silly ADD node_modules/lodash.includes
902 silly ADD node_modules/jws
903 silly ADD node_modules/follow-redirects
904 silly ADD node_modules/axios
905 silly ADD node_modules/@xboxreplay/errors
906 silly ADD node_modules/uuid
907 silly ADD node_modules/jsonwebtoken
908 silly ADD node_modules/@azure/msal-common
909 silly ADD node_modules/smart-buffer
910 silly ADD node_modules/@xboxreplay/xboxlive-auth
911 silly ADD node_modules/@azure/msal-node
912 silly ADD node_modules/asn1
913 silly ADD node_modules/whatwg-url
914 silly ADD node_modules/ms
915 silly ADD node_modules/safe-buffer
916 silly ADD node_modules/undici-types
917 silly ADD node_modules/@types/node
918 silly ADD node_modules/yggdrasil
919 silly ADD node_modules/uuid-1345
920 silly ADD node_modules/readable-stream
921 silly ADD node_modules/prismarine-realms
922 silly ADD node_modules/prismarine-auth
923 silly ADD node_modules/node-rsa
924 silly ADD node_modules/node-fetch
925 silly ADD node_modules/minecraft-folder-path
926 silly ADD node_modules/lodash.merge
927 silly ADD node_modules/lodash.get
928 silly ADD node_modules/endian-toggle
929 silly ADD node_modules/debug
930 silly ADD node_modules/buffer-equal
931 silly ADD node_modules/aes-js
932 silly ADD node_modules/@types/readable-stream
933 silly ADD node_modules/@types/node-rsa
934 silly ADD node_modules/vec3
935 silly ADD node_modules/typed-emitter
936 silly ADD node_modules/protodef
937 silly ADD node_modules/prismarine-world
938 silly ADD node_modules/prismarine-windows
939 silly ADD node_modules/prismarine-windows/node_modules/typed-emitter
940 silly ADD node_modules/prismarine-recipe
941 silly ADD node_modules/prismarine-physics
942 silly ADD node_modules/prismarine-nbt
943 silly ADD node_modules/prismarine-item
944 silly ADD node_modules/prismarine-entity
945 silly ADD node_modules/prismarine-chunk
946 silly ADD node_modules/prismarine-chat
947 silly ADD node_modules/prismarine-block
948 silly ADD node_modules/prismarine-registry
949 silly ADD node_modules/prismarine-biome
950 silly ADD node_modules/minecraft-protocol
951 silly ADD node_modules/minecraft-data
952 silly ADD node_modules/mineflayer
953 verbose cwd /data/data/com.termux/files/home/minecraft-bot-afk
954 verbose os Linux 4.19.191-g7c18269e227a
955 verbose node v22.14.0
956 verbose npm  v10.9.2
957 verbose exit 0
958 info ok
